This file contains any messages produced by compilers while
running configure, to aid debugging if configure makes a mistake.

It was created by zfs configure 2.1.99, which was
generated by GNU Autoconf 2.71.  Invocation command line was

  $ ./configure

## --------- ##
## Platform. ##
## --------- ##

hostname = ottawa
uname -m = x86_64
uname -r = 5.19.0-42-generic
uname -s = Linux
uname -v = #43~22.04.1-Ubuntu SMP PREEMPT_DYNAMIC Fri Apr 21 16:51:08 UTC 2

/usr/bin/uname -p = x86_64
/bin/uname -X     = unknown

/bin/arch              = x86_64
/usr/bin/arch -k       = unknown
/usr/convex/getsysinfo = unknown
/usr/bin/hostinfo      = unknown
/bin/machine           = unknown
/usr/bin/oslevel       = unknown
/bin/universe          = unknown

PATH: /home/xnox/canonical/kteam-tools/maintscript/
PATH: /home/xnox/canonical/kteam-tools/cranky/
PATH: /home/xnox/.cargo/bin/
PATH: /home/xnox/bin/
PATH: /usr/local/sbin/
PATH: /usr/local/bin/
PATH: /usr/sbin/
PATH: /usr/bin/
PATH: /sbin/
PATH: /bin/
PATH: /usr/games/
PATH: /usr/local/games/
PATH: /snap/bin/
PATH: /snap/bin/
PATH: /home/xnox/canonical/ubuntu-cdimage/bin/


## ----------- ##
## Core tests. ##
## ----------- ##

configure:2890: looking for aux files: config.rpath compile ltmain.sh missing install-sh config.guess config.sub
configure:2903:  trying ./config/
configure:2932:   ./config/config.rpath found
configure:2932:   ./config/compile found
configure:2932:   ./config/ltmain.sh found
configure:2932:   ./config/missing found
configure:2914:   ./config/install-sh found
configure:2932:   ./config/config.guess found
configure:2932:   ./config/config.sub found
configure:3058: checking for gawk
configure:3079: found /usr/bin/gawk
configure:3090: result: gawk
configure:3101: checking metadata
configure:3260: result: dpkg-parsechangelog
configure:3273: checking build system type
configure:3288: result: x86_64-pc-linux-gnu
configure:3308: checking host system type
configure:3322: result: x86_64-pc-linux-gnu
configure:3342: checking target system type
configure:3356: result: x86_64-pc-linux-gnu
configure:3383: checking whether to enable maintainer-specific portions of Makefiles
configure:3393: result: no
configure:3418: checking whether make supports nested variables
configure:3436: result: yes
configure:3464: checking for a BSD-compatible install
configure:3537: result: /usr/bin/install -c
configure:3548: checking whether build environment is sane
configure:3603: result: yes
configure:3762: checking for a race-free mkdir -p
configure:3806: result: /usr/bin/mkdir -p
configure:3809: checking whether make sets $(MAKE)
configure:3832: result: yes
configure:4027: checking how to print strings
configure:4054: result: printf
configure:4088: checking whether make supports the include directive
configure:4103: make -f confmf.GNU && cat confinc.out
this is the am__doit target
configure:4106: $? = 0
configure:4125: result: yes (GNU style)
configure:4201: checking for gcc
configure:4222: found /usr/bin/gcc
configure:4233: result: gcc
configure:4586: checking for C compiler version
configure:4595: gcc --version >&5
gcc (Ubuntu 11.3.0-1ubuntu1~22.04.1) 11.3.0
Copyright (C) 2021 Free Software Foundation, Inc.
This is free software; see the source for copying conditions.  There is NO
warranty; not even for MERCHANTABILITY or FITNESS FOR A PARTICULAR PURPOSE.

configure:4606: $? = 0
configure:4595: gcc -v >&5
Using built-in specs.
COLLECT_GCC=gcc
COLLECT_LTO_WRAPPER=/usr/lib/gcc/x86_64-linux-gnu/11/lto-wrapper
OFFLOAD_TARGET_NAMES=nvptx-none:amdgcn-amdhsa
OFFLOAD_TARGET_DEFAULT=1
Target: x86_64-linux-gnu
Configured with: ../src/configure -v --with-pkgversion='Ubuntu 11.3.0-1ubuntu1~22.04.1' --with-bugurl=file:///usr/share/doc/gcc-11/README.Bugs --enable-languages=c,ada,c++,go,brig,d,fortran,objc,obj-c++,m2 --prefix=/usr --with-gcc-major-version-only --program-suffix=-11 --program-prefix=x86_64-linux-gnu- --enable-shared --enable-linker-build-id --libexecdir=/usr/lib --without-included-gettext --enable-threads=posix --libdir=/usr/lib --enable-nls --enable-bootstrap --enable-clocale=gnu --enable-libstdcxx-debug --enable-libstdcxx-time=yes --with-default-libstdcxx-abi=new --enable-gnu-unique-object --disable-vtable-verify --enable-plugin --enable-default-pie --with-system-zlib --enable-libphobos-checking=release --with-target-system-zlib=auto --enable-objc-gc=auto --enable-multiarch --disable-werror --enable-cet --with-arch-32=i686 --with-abi=m64 --with-multilib-list=m32,m64,mx32 --enable-multilib --with-tune=generic --enable-offload-targets=nvptx-none=/build/gcc-11-aYxV0E/gcc-11-11.3.0/debian/tmp-nvptx/usr,amdgcn-amdhsa=/build/gcc-11-aYxV0E/gcc-11-11.3.0/debian/tmp-gcn/usr --without-cuda-driver --enable-checking=release --build=x86_64-linux-gnu --host=x86_64-linux-gnu --target=x86_64-linux-gnu --with-build-config=bootstrap-lto-lean --enable-link-serialization=2
Thread model: posix
Supported LTO compression algorithms: zlib zstd
gcc version 11.3.0 (Ubuntu 11.3.0-1ubuntu1~22.04.1) 
... rest of stderr output deleted ...
configure:4606: $? = 0
configure:4595: gcc -V >&5
gcc: error: unrecognized command-line option '-V'
gcc: fatal error: no input files
compilation terminated.
configure:4606: $? = 1
configure:4595: gcc -qversion >&5
gcc: error: unrecognized command-line option '-qversion'; did you mean '--version'?
gcc: fatal error: no input files
compilation terminated.
configure:4606: $? = 1
configure:4595: gcc -version >&5
gcc: error: unrecognized command-line option '-version'
gcc: fatal error: no input files
compilation terminated.
configure:4606: $? = 1
configure:4626: checking whether the C compiler works
configure:4648: gcc    conftest.c  >&5
configure:4652: $? = 0
configure:4702: result: yes
configure:4705: checking for C compiler default output file name
configure:4707: result: a.out
configure:4713: checking for suffix of executables
configure:4720: gcc -o conftest    conftest.c  >&5
configure:4724: $? = 0
configure:4747: result: 
configure:4769: checking whether we are cross compiling
configure:4777: gcc -o conftest    conftest.c  >&5
configure:4781: $? = 0
configure:4788: ./conftest
configure:4792: $? = 0
configure:4807: result: no
configure:4812: checking for suffix of object files
configure:4835: gcc -c   conftest.c >&5
configure:4839: $? = 0
configure:4861: result: o
configure:4865: checking whether the compiler supports GNU C
configure:4885: gcc -c   conftest.c >&5
configure:4885: $? = 0
configure:4895: result: yes
configure:4906: checking whether gcc accepts -g
configure:4927: gcc -c -g  conftest.c >&5
configure:4927: $? = 0
configure:4971: result: yes
configure:4991: checking for gcc option to enable C11 features
configure:5006: gcc  -c -g -O2  conftest.c >&5
configure:5006: $? = 0
configure:5024: result: none needed
configure:5140: checking whether gcc understands -c and -o together
configure:5163: gcc -c conftest.c -o conftest2.o
configure:5166: $? = 0
configure:5163: gcc -c conftest.c -o conftest2.o
configure:5166: $? = 0
configure:5178: result: yes
configure:5197: checking dependency style of gcc
configure:5309: result: gcc3
configure:5324: checking for a sed that does not truncate output
configure:5394: result: /usr/bin/sed
configure:5412: checking for grep that handles long lines and -e
configure:5476: result: /usr/bin/grep
configure:5481: checking for egrep
configure:5549: result: /usr/bin/grep -E
configure:5554: checking for fgrep
configure:5622: result: /usr/bin/grep -F
configure:5658: checking for ld used by gcc
configure:5726: result: /usr/bin/ld
configure:5733: checking if the linker (/usr/bin/ld) is GNU ld
configure:5749: result: yes
configure:5761: checking for BSD- or MS-compatible name lister (nm)
configure:5816: result: /usr/bin/nm -B
configure:5956: checking the name lister (/usr/bin/nm -B) interface
configure:5964: gcc -c -g -O2  conftest.c >&5
configure:5967: /usr/bin/nm -B "conftest.o"
configure:5970: output
0000000000000000 B some_variable
configure:5977: result: BSD nm
configure:5980: checking whether ln -s works
configure:5984: result: yes
configure:5992: checking the maximum length of command line arguments
configure:6124: result: 1572864
configure:6172: checking how to convert x86_64-pc-linux-gnu file names to x86_64-pc-linux-gnu format
configure:6213: result: func_convert_file_noop
configure:6220: checking how to convert x86_64-pc-linux-gnu file names to toolchain format
configure:6241: result: func_convert_file_noop
configure:6248: checking for /usr/bin/ld option to reload object files
configure:6256: result: -r
configure:6335: checking for objdump
configure:6356: found /usr/bin/objdump
configure:6367: result: objdump
configure:6399: checking how to recognize dependent libraries
configure:6600: result: pass_all
configure:6690: checking for dlltool
configure:6725: result: no
configure:6755: checking how to associate runtime and link libraries
configure:6783: result: printf %s\n
configure:6849: checking for ar
configure:6870: found /usr/bin/ar
configure:6881: result: ar
configure:6918: checking for archiver @FILE support
configure:6936: gcc -c -g -O2  conftest.c >&5
configure:6936: $? = 0
configure:6940: ar cr libconftest.a @conftest.lst >&5
configure:6943: $? = 0
configure:6948: ar cr libconftest.a @conftest.lst >&5
ar: conftest.o: No such file or directory
configure:6951: $? = 1
configure:6963: result: @
configure:7026: checking for strip
configure:7047: found /usr/bin/strip
configure:7058: result: strip
configure:7135: checking for ranlib
configure:7156: found /usr/bin/ranlib
configure:7167: result: ranlib
configure:7269: checking command to parse /usr/bin/nm -B output from gcc object
configure:7423: gcc -c -g -O2  conftest.c >&5
configure:7426: $? = 0
configure:7430: /usr/bin/nm -B conftest.o | sed -n -e 's/^.*[	 ]\([ABCDGIRSTW][ABCDGIRSTW]*\)[	 ][	 ]*\([_A-Za-z][_A-Za-z0-9]*\)$/\1 \2 \2/p' | sed '/ __gnu_lto/d' > conftest.nm
configure:7496: gcc -o conftest -g -O2   conftest.c conftstm.o >&5
configure:7499: $? = 0
configure:7537: result: ok
configure:7584: checking for sysroot
configure:7615: result: no
configure:7622: checking for a working dd
configure:7666: result: /usr/bin/dd
configure:7670: checking how to truncate binary pipes
configure:7686: result: /usr/bin/dd bs=4096 count=1
configure:7823: gcc -c -g -O2  conftest.c >&5
configure:7826: $? = 0
configure:8023: checking for mt
configure:8044: found /usr/bin/mt
configure:8055: result: mt
configure:8078: checking if mt is a manifest tool
configure:8085: mt '-?'
configure:8093: result: no
configure:8823: checking for stdio.h
configure:8823: gcc -c -g -O2  conftest.c >&5
configure:8823: $? = 0
configure:8823: result: yes
configure:8823: checking for stdlib.h
configure:8823: gcc -c -g -O2  conftest.c >&5
configure:8823: $? = 0
configure:8823: result: yes
configure:8823: checking for string.h
configure:8823: gcc -c -g -O2  conftest.c >&5
configure:8823: $? = 0
configure:8823: result: yes
configure:8823: checking for inttypes.h
configure:8823: gcc -c -g -O2  conftest.c >&5
configure:8823: $? = 0
configure:8823: result: yes
configure:8823: checking for stdint.h
configure:8823: gcc -c -g -O2  conftest.c >&5
configure:8823: $? = 0
configure:8823: result: yes
configure:8823: checking for strings.h
configure:8823: gcc -c -g -O2  conftest.c >&5
configure:8823: $? = 0
configure:8823: result: yes
configure:8823: checking for sys/stat.h
configure:8823: gcc -c -g -O2  conftest.c >&5
configure:8823: $? = 0
configure:8823: result: yes
configure:8823: checking for sys/types.h
configure:8823: gcc -c -g -O2  conftest.c >&5
configure:8823: $? = 0
configure:8823: result: yes
configure:8823: checking for unistd.h
configure:8823: gcc -c -g -O2  conftest.c >&5
configure:8823: $? = 0
configure:8823: result: yes
configure:8848: checking for dlfcn.h
configure:8848: gcc -c -g -O2  conftest.c >&5
configure:8848: $? = 0
configure:8848: result: yes
configure:9107: checking for objdir
configure:9123: result: .libs
configure:9387: checking if gcc supports -fno-rtti -fno-exceptions
configure:9406: gcc -c -g -O2  -fno-rtti -fno-exceptions conftest.c >&5
cc1: warning: command-line option '-fno-rtti' is valid for C++/D/ObjC++ but not for C
configure:9410: $? = 0
configure:9423: result: no
configure:9787: checking for gcc option to produce PIC
configure:9795: result: -fPIC -DPIC
configure:9803: checking if gcc PIC flag -fPIC -DPIC works
configure:9822: gcc -c -g -O2  -fPIC -DPIC -DPIC conftest.c >&5
configure:9826: $? = 0
configure:9839: result: yes
configure:9868: checking if gcc static flag -static works
configure:9897: result: yes
configure:9912: checking if gcc supports -c -o file.o
configure:9934: gcc -c -g -O2  -o out/conftest2.o conftest.c >&5
configure:9938: $? = 0
configure:9960: result: yes
configure:9968: checking if gcc supports -c -o file.o
configure:10016: result: yes
configure:10049: checking whether the gcc linker (/usr/bin/ld -m elf_x86_64) supports shared libraries
configure:11319: result: yes
configure:11356: checking whether -lc should be explicitly linked in
configure:11365: gcc -c -g -O2  conftest.c >&5
configure:11368: $? = 0
configure:11383: gcc -shared  -fPIC -DPIC conftest.o  -v -Wl,-soname -Wl,conftest -o conftest 2\>\&1 \| /usr/bin/grep  -lc  \>/dev/null 2\>\&1
configure:11386: $? = 0
configure:11400: result: no
configure:11560: checking dynamic linker characteristics
configure:12142: gcc -o conftest -g -O2   -Wl,-rpath -Wl,/foo conftest.c  >&5
configure:12142: $? = 0
configure:12393: result: GNU/Linux ld.so
configure:12515: checking how to hardcode library paths into programs
configure:12540: result: immediate
configure:13092: checking whether stripping libraries is possible
configure:13097: result: yes
configure:13132: checking if libtool supports shared libraries
configure:13134: result: yes
configure:13137: checking whether to build shared libraries
configure:13162: result: yes
configure:13165: checking whether to build static libraries
configure:13169: result: yes
configure:13260: checking for gcc
configure:13292: result: gcc
configure:13645: checking for C compiler version
configure:13654: gcc --version >&5
gcc (Ubuntu 11.3.0-1ubuntu1~22.04.1) 11.3.0
Copyright (C) 2021 Free Software Foundation, Inc.
This is free software; see the source for copying conditions.  There is NO
warranty; not even for MERCHANTABILITY or FITNESS FOR A PARTICULAR PURPOSE.

configure:13665: $? = 0
configure:13654: gcc -v >&5
Using built-in specs.
COLLECT_GCC=gcc
COLLECT_LTO_WRAPPER=/usr/lib/gcc/x86_64-linux-gnu/11/lto-wrapper
OFFLOAD_TARGET_NAMES=nvptx-none:amdgcn-amdhsa
OFFLOAD_TARGET_DEFAULT=1
Target: x86_64-linux-gnu
Configured with: ../src/configure -v --with-pkgversion='Ubuntu 11.3.0-1ubuntu1~22.04.1' --with-bugurl=file:///usr/share/doc/gcc-11/README.Bugs --enable-languages=c,ada,c++,go,brig,d,fortran,objc,obj-c++,m2 --prefix=/usr --with-gcc-major-version-only --program-suffix=-11 --program-prefix=x86_64-linux-gnu- --enable-shared --enable-linker-build-id --libexecdir=/usr/lib --without-included-gettext --enable-threads=posix --libdir=/usr/lib --enable-nls --enable-bootstrap --enable-clocale=gnu --enable-libstdcxx-debug --enable-libstdcxx-time=yes --with-default-libstdcxx-abi=new --enable-gnu-unique-object --disable-vtable-verify --enable-plugin --enable-default-pie --with-system-zlib --enable-libphobos-checking=release --with-target-system-zlib=auto --enable-objc-gc=auto --enable-multiarch --disable-werror --enable-cet --with-arch-32=i686 --with-abi=m64 --with-multilib-list=m32,m64,mx32 --enable-multilib --with-tune=generic --enable-offload-targets=nvptx-none=/build/gcc-11-aYxV0E/gcc-11-11.3.0/debian/tmp-nvptx/usr,amdgcn-amdhsa=/build/gcc-11-aYxV0E/gcc-11-11.3.0/debian/tmp-gcn/usr --without-cuda-driver --enable-checking=release --build=x86_64-linux-gnu --host=x86_64-linux-gnu --target=x86_64-linux-gnu --with-build-config=bootstrap-lto-lean --enable-link-serialization=2
Thread model: posix
Supported LTO compression algorithms: zlib zstd
gcc version 11.3.0 (Ubuntu 11.3.0-1ubuntu1~22.04.1) 
... rest of stderr output deleted ...
configure:13665: $? = 0
configure:13654: gcc -V >&5
gcc: error: unrecognized command-line option '-V'
gcc: fatal error: no input files
compilation terminated.
configure:13665: $? = 1
configure:13654: gcc -qversion >&5
gcc: error: unrecognized command-line option '-qversion'; did you mean '--version'?
gcc: fatal error: no input files
compilation terminated.
configure:13665: $? = 1
configure:13654: gcc -version >&5
gcc: error: unrecognized command-line option '-version'
gcc: fatal error: no input files
compilation terminated.
configure:13665: $? = 1
configure:13669: checking whether the compiler supports GNU C
configure:13699: result: yes
configure:13710: checking whether gcc accepts -g
configure:13775: result: yes
configure:13795: checking for gcc option to enable C11 features
configure:13828: result: none needed
configure:13944: checking whether gcc understands -c and -o together
configure:13982: result: yes
configure:14001: checking dependency style of gcc
configure:14113: result: gcc3
configure:14128: checking whether ln -s works
configure:14132: result: yes
configure:14198: checking for pkg-config
configure:14221: found /usr/bin/pkg-config
configure:14233: result: /usr/bin/pkg-config
configure:14258: checking pkg-config is at least version 0.9.0
configure:14261: result: yes
configure:14278: checking dependency style of gcc
configure:14388: result: gcc3
configure:14418: checking whether to build with code coverage support
configure:14439: result: no
configure:14816: checking how to create a pax tar archive
configure:14827: tar --version
tar (GNU tar) 1.34
Copyright (C) 2021 Free Software Foundation, Inc.
License GPLv3+: GNU GPL version 3 or later <https://gnu.org/licenses/gpl.html>.
This is free software: you are free to change and redistribute it.
There is NO WARRANTY, to the extent permitted by law.

Written by John Gilmore and Jay Fenlason.
configure:14830: $? = 0
configure:14870: tardir=conftest.dir && eval tar --format=posix -chf - "$tardir" >conftest.tar
configure:14873: $? = 0
configure:14877: tar -xf - <conftest.tar
configure:14880: $? = 0
configure:14882: cat conftest.dir/file
GrepMe
configure:14885: $? = 0
configure:14899: result: gnutar
configure:14907: checking zfs author
configure:14909: result: OpenZFS
configure:14912: checking zfs license
configure:14914: result: CDDL
configure:14918: checking whether NLS is requested
configure:14928: result: yes
configure:14968: checking for msgfmt
configure: trying /usr/bin/msgfmt...
0 translated messages.
configure:15001: result: /usr/bin/msgfmt
configure:15010: checking for gmsgfmt
configure:15046: result: /usr/bin/msgfmt
configure:15091: checking for xgettext
configure: trying /usr/bin/xgettext...
/usr/bin/xgettext: warning: file '/dev/null' extension '' is unknown; will try C
configure:15124: result: /usr/bin/xgettext
configure:15169: checking for msgmerge
configure: trying /usr/bin/msgmerge...
configure:15201: result: /usr/bin/msgmerge
configure:15266: checking for ld
configure:15397: result: /usr/bin/ld -m elf_x86_64
configure:15404: checking if the linker (/usr/bin/ld -m elf_x86_64) is GNU ld
configure:15420: result: yes
configure:15428: checking for shared library run path origin
configure:15442: result: done
configure:15464: checking 32-bit host C ABI
configure:15503: gcc -c -g -O2  conftest.c >&5
configure:15503: $? = 0
configure:15699: result: no
configure:15738: checking for the common suffixes of directories in the library search path
configure:15790: result: lib,lib
configure:16282: checking zfs config
configure:16284: result: all
configure:16289: checking the number of available CPUs
configure:16378: result: 8
configure:16390: checking whether gcc supports -Wno-clobbered
configure:16407: gcc -c -g -O2 -Werror -Wclobbered  conftest.c >&5
configure:16407: $? = 0
configure:16411: result: yes
configure:16427: checking whether gcc supports -Winfinite-recursion
configure:16444: gcc -c -g -O2 -Werror -Winfinite-recursion  conftest.c >&5
gcc: error: unrecognized command-line option '-Winfinite-recursion'
configure:16444: $? = 1
configure: failed program was:
| /* confdefs.h */
| #define PACKAGE_NAME "zfs"
| #define PACKAGE_TARNAME "zfs"
| #define PACKAGE_VERSION "2.1.99"
| #define PACKAGE_STRING "zfs 2.1.99"
| #define PACKAGE_BUGREPORT ""
| #define PACKAGE_URL ""
| #define ZFS_META_NAME "zfs"
| #define ZFS_META_VERSION "2.1.99"
| #define SPL_META_VERSION ZFS_META_VERSION
| #define ZFS_META_RELEASE "0ubuntu1"
| #define SPL_META_RELEASE ZFS_META_RELEASE
| #define ZFS_META_LICENSE "CDDL"
| #define ZFS_META_ALIAS "zfs-2.1.99-0ubuntu1"
| #define SPL_META_ALIAS ZFS_META_ALIAS
| #define ZFS_META_AUTHOR "OpenZFS"
| #define ZFS_META_KVER_MIN "3.10"
| #define ZFS_META_KVER_MAX "6.2"
| #define PACKAGE "zfs"
| #define VERSION "2.1.99"
| #define HAVE_STDIO_H 1
| #define HAVE_STDLIB_H 1
| #define HAVE_STRING_H 1
| #define HAVE_INTTYPES_H 1
| #define HAVE_STDINT_H 1
| #define HAVE_STRINGS_H 1
| #define HAVE_SYS_STAT_H 1
| #define HAVE_SYS_TYPES_H 1
| #define HAVE_UNISTD_H 1
| #define STDC_HEADERS 1
| #define HAVE_DLFCN_H 1
| #define LT_OBJDIR ".libs/"
| /* end confdefs.h.  */
| 
| int
| main (void)
| {
| 
|   ;
|   return 0;
| }
configure:16457: result: no
configure:16467: checking whether  supports -Winfinite-recursion
configure:16499: gcc -c -g -O2 -Werror -Winfinite-recursion  conftest.c >&5
gcc: error: unrecognized command-line option '-Winfinite-recursion'
configure:16499: $? = 1
configure: failed program was:
| /* confdefs.h */
| #define PACKAGE_NAME "zfs"
| #define PACKAGE_TARNAME "zfs"
| #define PACKAGE_VERSION "2.1.99"
| #define PACKAGE_STRING "zfs 2.1.99"
| #define PACKAGE_BUGREPORT ""
| #define PACKAGE_URL ""
| #define ZFS_META_NAME "zfs"
| #define ZFS_META_VERSION "2.1.99"
| #define SPL_META_VERSION ZFS_META_VERSION
| #define ZFS_META_RELEASE "0ubuntu1"
| #define SPL_META_RELEASE ZFS_META_RELEASE
| #define ZFS_META_LICENSE "CDDL"
| #define ZFS_META_ALIAS "zfs-2.1.99-0ubuntu1"
| #define SPL_META_ALIAS ZFS_META_ALIAS
| #define ZFS_META_AUTHOR "OpenZFS"
| #define ZFS_META_KVER_MIN "3.10"
| #define ZFS_META_KVER_MAX "6.2"
| #define PACKAGE "zfs"
| #define VERSION "2.1.99"
| #define HAVE_STDIO_H 1
| #define HAVE_STDLIB_H 1
| #define HAVE_STRING_H 1
| #define HAVE_INTTYPES_H 1
| #define HAVE_STDINT_H 1
| #define HAVE_STRINGS_H 1
| #define HAVE_SYS_STAT_H 1
| #define HAVE_SYS_TYPES_H 1
| #define HAVE_UNISTD_H 1
| #define STDC_HEADERS 1
| #define HAVE_DLFCN_H 1
| #define LT_OBJDIR ".libs/"
| /* end confdefs.h.  */
| 
| int
| main (void)
| {
| 
|   ;
|   return 0;
| }
configure:16512: result: no
configure:16523: checking whether gcc supports -Wimplicit-fallthrough
configure:16540: gcc -c -g -O2 -Werror -Wimplicit-fallthrough  conftest.c >&5
configure:16540: $? = 0
configure:16547: result: yes
configure:16563: checking whether gcc supports -Wframe-larger-than=<size>
configure:16580: gcc -c -g -O2 -Werror -Wframe-larger-than=4096  conftest.c >&5
configure:16580: $? = 0
configure:16584: result: yes
configure:16600: checking whether gcc supports -Wno-format-truncation
configure:16617: gcc -c -g -O2 -Werror -Wno-format-truncation  conftest.c >&5
configure:16617: $? = 0
configure:16621: result: yes
configure:16637: checking whether gcc supports -Wno-format-zero-length
configure:16654: gcc -c -g -O2 -Werror -Wno-format-zero-length  conftest.c >&5
configure:16654: $? = 0
configure:16658: result: yes
configure:16674: checking whether gcc supports -Wformat-overflow
configure:16691: gcc -c -g -O2 -Werror -Wformat-overflow  conftest.c >&5
configure:16691: $? = 0
configure:16698: result: yes
configure:16714: checking whether gcc supports -fno-omit-frame-pointer
configure:16731: gcc -c -g -O2 -Werror -fno-omit-frame-pointer  conftest.c >&5
configure:16731: $? = 0
configure:16735: result: yes
configure:16751: checking whether gcc supports -fno-ipa-sra
configure:16768: gcc -c -g -O2 -Werror -fno-ipa-sra  conftest.c >&5
configure:16768: $? = 0
configure:16772: result: yes
configure:16788: checking whether  supports -fno-ipa-sra
configure:16820: gcc -c -g -O2 -Werror -fno-ipa-sra  conftest.c >&5
configure:16820: $? = 0
configure:16824: result: yes
configure:16841: checking whether to build with -fsanitize=address support
configure:16862: result: no
configure:16909: checking whether to build with -fsanitize=undefined support
configure:16930: result: no
configure:16980: checking whether host toolchain supports SSE
configure:16992: gcc -o conftest -g -O2   conftest.c  >&5
configure:16992: $? = 0
configure:16998: result: yes
configure:17011: checking whether host toolchain supports SSE2
configure:17023: gcc -o conftest -g -O2   conftest.c  >&5
configure:17023: $? = 0
configure:17029: result: yes
configure:17042: checking whether host toolchain supports SSE3
configure:17055: gcc -o conftest -g -O2   conftest.c  >&5
configure:17055: $? = 0
configure:17061: result: yes
configure:17074: checking whether host toolchain supports SSSE3
configure:17086: gcc -o conftest -g -O2   conftest.c  >&5
configure:17086: $? = 0
configure:17092: result: yes
configure:17105: checking whether host toolchain supports SSE4.1
configure:17117: gcc -o conftest -g -O2   conftest.c  >&5
configure:17117: $? = 0
configure:17123: result: yes
configure:17136: checking whether host toolchain supports SSE4.2
configure:17148: gcc -o conftest -g -O2   conftest.c  >&5
configure:17148: $? = 0
configure:17154: result: yes
configure:17167: checking whether host toolchain supports AVX
configure:17180: gcc -o conftest -g -O2   conftest.c  >&5
configure:17180: $? = 0
configure:17183: result: yes
configure:17199: checking whether host toolchain supports AVX2
configure:17212: gcc -o conftest -g -O2   conftest.c  >&5
configure:17212: $? = 0
configure:17215: result: yes
configure:17231: checking whether host toolchain supports AVX512F
configure:17244: gcc -o conftest -g -O2   conftest.c  >&5
configure:17244: $? = 0
configure:17247: result: yes
configure:17263: checking whether host toolchain supports AVX512CD
configure:17276: gcc -o conftest -g -O2   conftest.c  >&5
configure:17276: $? = 0
configure:17279: result: yes
configure:17295: checking whether host toolchain supports AVX512DQ
configure:17308: gcc -o conftest -g -O2   conftest.c  >&5
configure:17308: $? = 0
configure:17311: result: yes
configure:17327: checking whether host toolchain supports AVX512BW
configure:17340: gcc -o conftest -g -O2   conftest.c  >&5
configure:17340: $? = 0
configure:17343: result: yes
configure:17359: checking whether host toolchain supports AVX512IFMA
configure:17372: gcc -o conftest -g -O2   conftest.c  >&5
configure:17372: $? = 0
configure:17375: result: yes
configure:17391: checking whether host toolchain supports AVX512VBMI
configure:17404: gcc -o conftest -g -O2   conftest.c  >&5
configure:17404: $? = 0
configure:17407: result: yes
configure:17423: checking whether host toolchain supports AVX512PF
configure:17436: gcc -o conftest -g -O2   conftest.c  >&5
configure:17436: $? = 0
configure:17439: result: yes
configure:17455: checking whether host toolchain supports AVX512ER
configure:17468: gcc -o conftest -g -O2   conftest.c  >&5
configure:17468: $? = 0
configure:17471: result: yes
configure:17487: checking whether host toolchain supports AVX512VL
configure:17500: gcc -o conftest -g -O2   conftest.c  >&5
configure:17500: $? = 0
configure:17503: result: yes
configure:17519: checking whether host toolchain supports AES
configure:17532: gcc -o conftest -g -O2   conftest.c  >&5
configure:17532: $? = 0
configure:17535: result: yes
configure:17551: checking whether host toolchain supports PCLMULQDQ
configure:17564: gcc -o conftest -g -O2   conftest.c  >&5
configure:17564: $? = 0
configure:17567: result: yes
configure:17583: checking whether host toolchain supports MOVBE
configure:17596: gcc -o conftest -g -O2   conftest.c  >&5
configure:17596: $? = 0
configure:17599: result: yes
configure:17615: checking whether host toolchain supports XSAVE
configure:17629: gcc -o conftest -g -O2   conftest.c  >&5
configure:17629: $? = 0
configure:17632: result: yes
configure:17648: checking whether host toolchain supports XSAVEOPT
configure:17662: gcc -o conftest -g -O2   conftest.c  >&5
configure:17662: $? = 0
configure:17665: result: yes
configure:17681: checking whether host toolchain supports XSAVES
configure:17695: gcc -o conftest -g -O2   conftest.c  >&5
configure:17695: $? = 0
configure:17698: result: yes
configure:17717: checking for system type (linux-gnu)
configure:17739: result: Linux
configure:17844: checking for python3
configure:17865: found /usr/bin/python3
configure:17876: result: python3
configure:17966: checking for python version
configure:17974: result: 3.10
configure:17979: checking for python platform
configure:17987: result: linux
configure:18048: checking for GNU default python prefix
configure:18050: result: ${prefix}
configure:18116: checking for GNU default python exec_prefix
configure:18118: result: ${exec_prefix}
configure:18149: checking for python script directory (pythondir)
configure:18191: result: ${PYTHON_PREFIX}/lib/python3.10/site-packages
configure:18199: checking for python extension module directory (pyexecdir)
configure:18241: result: ${PYTHON_EXEC_PREFIX}/lib/python3.10/site-packages
configure:18363: checking for python3 module: packaging
configure:18368: result: yes
configure:18436: checking for python3.10
configure:18459: found /usr/bin/python3.10
configure:18471: result: /usr/bin/python3.10
configure:18499: checking for a version of Python >= '2.1.0'
configure:18525: result: yes
configure:18536: checking for a version of Python >= '3.6.0'
configure:18563: result: yes
configure:18581: checking for Python include path
configure:18597: result: -I/usr/include/python3.10
configure:18604: checking for Python library path
configure:18689: result: -L/usr/lib/x86_64-linux-gnu -lpython3.10
configure:18696: checking for Python site-packages path
configure:18704: result: /usr/lib/python3/dist-packages
configure:18711: checking python extra libraries
configure:18718: result: -lcrypt -ldl  -lm -lm
configure:18725: checking python extra linking flags
configure:18732: result: -Xlinker -export-dynamic -Wl,-O1 -Wl,-Bsymbolic-functions
configure:18739: checking consistency of all components of python development environment
configure:18767: gcc -o conftest -g -O2  -I/usr/include/python3.10  -Xlinker -export-dynamic -Wl,-O1 -Wl,-Bsymbolic-functions conftest.c  -L/usr/lib/x86_64-linux-gnu -lpython3.10 -lcrypt -ldl  -lm -lm -lcrypt -ldl  -lm -lm >&5
configure:18767: $? = 0
configure:18786: result: yes
configure:18818: checking for python3.10 module: setuptools
configure:18823: result: yes
configure:18856: checking for python3.10 module: cffi
configure:18861: result: yes
configure:18907: checking whether to enable pyzfs: 
configure:18909: result: yes
configure:18913: checking for sed --in-place
configure:18933: result: --in-place
configure:18941: checking for cppcheck
configure:18962: found /usr/bin/cppcheck
configure:18973: result: cppcheck
configure:18988: checking for shellcheck
configure:19009: found /usr/bin/shellcheck
configure:19020: result: yes
configure:19030: checking for checkbashisms
configure:19051: found /usr/bin/checkbashisms
configure:19062: result: yes
configure:19091: checking for parallel
configure:19112: found /usr/bin/parallel
configure:19123: result: yes
configure:72390: checking for dkms.conf file
configure:72402: result: not found
configure:72428: checking for CFPreferencesCopyAppValue
configure:72447: gcc -o conftest -g -O2   conftest.c  -Wl,-framework -Wl,CoreFoundation >&5
conftest.c:61:10: fatal error: CoreFoundation/CFPreferences.h: No such file or directory
   61 | #include <CoreFoundation/CFPreferences.h>
      |          ^~~~~~~~~~~~~~~~~~~~~~~~~~~~~~~~
compilation terminated.
configure:72447: $? = 1
configure: failed program was:
| /* confdefs.h */
| #define PACKAGE_NAME "zfs"
| #define PACKAGE_TARNAME "zfs"
| #define PACKAGE_VERSION "2.1.99"
| #define PACKAGE_STRING "zfs 2.1.99"
| #define PACKAGE_BUGREPORT ""
| #define PACKAGE_URL ""
| #define ZFS_META_NAME "zfs"
| #define ZFS_META_VERSION "2.1.99"
| #define SPL_META_VERSION ZFS_META_VERSION
| #define ZFS_META_RELEASE "0ubuntu1"
| #define SPL_META_RELEASE ZFS_META_RELEASE
| #define ZFS_META_LICENSE "CDDL"
| #define ZFS_META_ALIAS "zfs-2.1.99-0ubuntu1"
| #define SPL_META_ALIAS ZFS_META_ALIAS
| #define ZFS_META_AUTHOR "OpenZFS"
| #define ZFS_META_KVER_MIN "3.10"
| #define ZFS_META_KVER_MAX "6.2"
| #define PACKAGE "zfs"
| #define VERSION "2.1.99"
| #define HAVE_STDIO_H 1
| #define HAVE_STDLIB_H 1
| #define HAVE_STRING_H 1
| #define HAVE_INTTYPES_H 1
| #define HAVE_STDINT_H 1
| #define HAVE_STRINGS_H 1
| #define HAVE_SYS_STAT_H 1
| #define HAVE_SYS_TYPES_H 1
| #define HAVE_UNISTD_H 1
| #define STDC_HEADERS 1
| #define HAVE_DLFCN_H 1
| #define LT_OBJDIR ".libs/"
| #define HAVE_IMPLICIT_FALLTHROUGH 1
| #define HAVE_FORMAT_OVERFLOW 1
| #define HAVE_SSE 1
| #define HAVE_SSE2 1
| #define HAVE_SSE3 1
| #define HAVE_SSSE3 1
| #define HAVE_SSE4_1 1
| #define HAVE_SSE4_2 1
| #define HAVE_AVX 1
| #define HAVE_AVX2 1
| #define HAVE_AVX512F 1
| #define HAVE_AVX512CD 1
| #define HAVE_AVX512DQ 1
| #define HAVE_AVX512BW 1
| #define HAVE_AVX512IFMA 1
| #define HAVE_AVX512VBMI 1
| #define HAVE_AVX512PF 1
| #define HAVE_AVX512ER 1
| #define HAVE_AVX512VL 1
| #define HAVE_AES 1
| #define HAVE_PCLMULQDQ 1
| #define HAVE_MOVBE 1
| #define HAVE_XSAVE 1
| #define HAVE_XSAVEOPT 1
| #define HAVE_XSAVES 1
| #define SYSTEM_LINUX 1
| #define HAVE_PYTHON "3.10"
| /* end confdefs.h.  */
| #include <CoreFoundation/CFPreferences.h>
| int
| main (void)
| {
| CFPreferencesCopyAppValue(NULL, NULL)
|   ;
|   return 0;
| }
configure:72457: result: no
configure:72464: checking for CFLocaleCopyCurrent
configure:72483: gcc -o conftest -g -O2   conftest.c  -Wl,-framework -Wl,CoreFoundation >&5
conftest.c:61:10: fatal error: CoreFoundation/CFLocale.h: No such file or directory
   61 | #include <CoreFoundation/CFLocale.h>
      |          ^~~~~~~~~~~~~~~~~~~~~~~~~~~
compilation terminated.
configure:72483: $? = 1
configure: failed program was:
| /* confdefs.h */
| #define PACKAGE_NAME "zfs"
| #define PACKAGE_TARNAME "zfs"
| #define PACKAGE_VERSION "2.1.99"
| #define PACKAGE_STRING "zfs 2.1.99"
| #define PACKAGE_BUGREPORT ""
| #define PACKAGE_URL ""
| #define ZFS_META_NAME "zfs"
| #define ZFS_META_VERSION "2.1.99"
| #define SPL_META_VERSION ZFS_META_VERSION
| #define ZFS_META_RELEASE "0ubuntu1"
| #define SPL_META_RELEASE ZFS_META_RELEASE
| #define ZFS_META_LICENSE "CDDL"
| #define ZFS_META_ALIAS "zfs-2.1.99-0ubuntu1"
| #define SPL_META_ALIAS ZFS_META_ALIAS
| #define ZFS_META_AUTHOR "OpenZFS"
| #define ZFS_META_KVER_MIN "3.10"
| #define ZFS_META_KVER_MAX "6.2"
| #define PACKAGE "zfs"
| #define VERSION "2.1.99"
| #define HAVE_STDIO_H 1
| #define HAVE_STDLIB_H 1
| #define HAVE_STRING_H 1
| #define HAVE_INTTYPES_H 1
| #define HAVE_STDINT_H 1
| #define HAVE_STRINGS_H 1
| #define HAVE_SYS_STAT_H 1
| #define HAVE_SYS_TYPES_H 1
| #define HAVE_UNISTD_H 1
| #define STDC_HEADERS 1
| #define HAVE_DLFCN_H 1
| #define LT_OBJDIR ".libs/"
| #define HAVE_IMPLICIT_FALLTHROUGH 1
| #define HAVE_FORMAT_OVERFLOW 1
| #define HAVE_SSE 1
| #define HAVE_SSE2 1
| #define HAVE_SSE3 1
| #define HAVE_SSSE3 1
| #define HAVE_SSE4_1 1
| #define HAVE_SSE4_2 1
| #define HAVE_AVX 1
| #define HAVE_AVX2 1
| #define HAVE_AVX512F 1
| #define HAVE_AVX512CD 1
| #define HAVE_AVX512DQ 1
| #define HAVE_AVX512BW 1
| #define HAVE_AVX512IFMA 1
| #define HAVE_AVX512VBMI 1
| #define HAVE_AVX512PF 1
| #define HAVE_AVX512ER 1
| #define HAVE_AVX512VL 1
| #define HAVE_AES 1
| #define HAVE_PCLMULQDQ 1
| #define HAVE_MOVBE 1
| #define HAVE_XSAVE 1
| #define HAVE_XSAVEOPT 1
| #define HAVE_XSAVES 1
| #define SYSTEM_LINUX 1
| #define HAVE_PYTHON "3.10"
| /* end confdefs.h.  */
| #include <CoreFoundation/CFLocale.h>
| int
| main (void)
| {
| CFLocaleCopyCurrent();
|   ;
|   return 0;
| }
configure:72493: result: no
configure:72500: checking for CFLocaleCopyPreferredLanguages
configure:72519: gcc -o conftest -g -O2   conftest.c  -Wl,-framework -Wl,CoreFoundation >&5
conftest.c:61:10: fatal error: CoreFoundation/CFLocale.h: No such file or directory
   61 | #include <CoreFoundation/CFLocale.h>
      |          ^~~~~~~~~~~~~~~~~~~~~~~~~~~
compilation terminated.
configure:72519: $? = 1
configure: failed program was:
| /* confdefs.h */
| #define PACKAGE_NAME "zfs"
| #define PACKAGE_TARNAME "zfs"
| #define PACKAGE_VERSION "2.1.99"
| #define PACKAGE_STRING "zfs 2.1.99"
| #define PACKAGE_BUGREPORT ""
| #define PACKAGE_URL ""
| #define ZFS_META_NAME "zfs"
| #define ZFS_META_VERSION "2.1.99"
| #define SPL_META_VERSION ZFS_META_VERSION
| #define ZFS_META_RELEASE "0ubuntu1"
| #define SPL_META_RELEASE ZFS_META_RELEASE
| #define ZFS_META_LICENSE "CDDL"
| #define ZFS_META_ALIAS "zfs-2.1.99-0ubuntu1"
| #define SPL_META_ALIAS ZFS_META_ALIAS
| #define ZFS_META_AUTHOR "OpenZFS"
| #define ZFS_META_KVER_MIN "3.10"
| #define ZFS_META_KVER_MAX "6.2"
| #define PACKAGE "zfs"
| #define VERSION "2.1.99"
| #define HAVE_STDIO_H 1
| #define HAVE_STDLIB_H 1
| #define HAVE_STRING_H 1
| #define HAVE_INTTYPES_H 1
| #define HAVE_STDINT_H 1
| #define HAVE_STRINGS_H 1
| #define HAVE_SYS_STAT_H 1
| #define HAVE_SYS_TYPES_H 1
| #define HAVE_UNISTD_H 1
| #define STDC_HEADERS 1
| #define HAVE_DLFCN_H 1
| #define LT_OBJDIR ".libs/"
| #define HAVE_IMPLICIT_FALLTHROUGH 1
| #define HAVE_FORMAT_OVERFLOW 1
| #define HAVE_SSE 1
| #define HAVE_SSE2 1
| #define HAVE_SSE3 1
| #define HAVE_SSSE3 1
| #define HAVE_SSE4_1 1
| #define HAVE_SSE4_2 1
| #define HAVE_AVX 1
| #define HAVE_AVX2 1
| #define HAVE_AVX512F 1
| #define HAVE_AVX512CD 1
| #define HAVE_AVX512DQ 1
| #define HAVE_AVX512BW 1
| #define HAVE_AVX512IFMA 1
| #define HAVE_AVX512VBMI 1
| #define HAVE_AVX512PF 1
| #define HAVE_AVX512ER 1
| #define HAVE_AVX512VL 1
| #define HAVE_AES 1
| #define HAVE_PCLMULQDQ 1
| #define HAVE_MOVBE 1
| #define HAVE_XSAVE 1
| #define HAVE_XSAVEOPT 1
| #define HAVE_XSAVES 1
| #define SYSTEM_LINUX 1
| #define HAVE_PYTHON "3.10"
| /* end confdefs.h.  */
| #include <CoreFoundation/CFLocale.h>
| int
| main (void)
| {
| CFLocaleCopyPreferredLanguages();
|   ;
|   return 0;
| }
configure:72529: result: no
configure:72580: checking for GNU gettext in libc
configure:72610: gcc -o conftest -g -O2   conftest.c  >&5
configure:72610: $? = 0
configure:72620: result: yes
configure:73487: checking whether to use NLS
configure:73489: result: yes
configure:73492: checking where the gettext function comes from
configure:73503: result: libc
configure:73587: checking for dracut directory
configure:73623: result: /usr/lib/dracut
configure:73676: checking for zlib
configure:73683: $PKG_CONFIG --exists --print-errors "zlib"
configure:73686: $? = 0
configure:73700: $PKG_CONFIG --exists --print-errors "zlib"
configure:73703: $? = 0
configure:73741: result: yes
configure:73789: checking for zlib.h
configure:73789: gcc -c -g -O2   conftest.c >&5
configure:73789: $? = 0
configure:73789: result: yes
configure:73827: checking for compress2 in -lz
configure:73850: gcc -o conftest -g -O2    -lz conftest.c -lz   >&5
configure:73850: $? = 0
configure:73860: result: yes
configure:73868: checking for uncompress in -lz
configure:73891: gcc -o conftest -g -O2    -lz conftest.c -lz   >&5
configure:73891: $? = 0
configure:73901: result: yes
configure:73909: checking for crc32 in -lz
configure:73932: gcc -o conftest -g -O2    -lz conftest.c -lz   >&5
configure:73932: $? = 0
configure:73942: result: yes
configure:74021: checking for udev directories
configure:74068: result: /lib/udev;/lib/udev/rules.d
configure:74133: checking for systemd support
configure:74135: result: yes
configure:74171: checking for libudev
configure:74178: $PKG_CONFIG --exists --print-errors "libudev"
configure:74181: $? = 0
configure:74195: $PKG_CONFIG --exists --print-errors "libudev"
configure:74198: $? = 0
configure:74236: result: yes
configure:74284: checking for libudev.h
configure:74284: gcc -c -g -O2   conftest.c >&5
configure:74284: $? = 0
configure:74284: result: yes
configure:74322: checking for main in -ludev
configure:74342: gcc -o conftest -g -O2    -ludev conftest.c -ludev   >&5
configure:74342: $? = 0
configure:74352: result: yes
configure:74438: checking for udev_device_get_is_initialized
configure:74438: gcc -o conftest -g -O2    conftest.c -ludev  >&5
configure:74438: $? = 0
configure:74438: result: yes
configure:74469: checking for uuid
configure:74476: $PKG_CONFIG --exists --print-errors "uuid"
configure:74479: $? = 0
configure:74493: $PKG_CONFIG --exists --print-errors "uuid"
configure:74496: $? = 0
configure:74534: result: yes
configure:74582: checking for uuid/uuid.h
configure:74582: gcc -c -g -O2 -I/usr/include/uuid  conftest.c >&5
configure:74582: $? = 0
configure:74582: result: yes
configure:74620: checking for uuid_generate in -luuid
configure:74643: gcc -o conftest -g -O2 -I/usr/include/uuid   -luuid conftest.c -luuid   >&5
configure:74643: $? = 0
configure:74653: result: yes
configure:74661: checking for uuid_is_null in -luuid
configure:74684: gcc -o conftest -g -O2 -I/usr/include/uuid   -luuid conftest.c -luuid   >&5
configure:74684: $? = 0
configure:74694: result: yes
configure:74782: checking for blkid
configure:74789: $PKG_CONFIG --exists --print-errors "blkid"
configure:74792: $? = 0
configure:74806: $PKG_CONFIG --exists --print-errors "blkid"
configure:74809: $? = 0
configure:74847: result: yes
configure:74895: checking for blkid/blkid.h
configure:74895: gcc -c -g -O2 -I/usr/include/blkid  conftest.c >&5
configure:74895: $? = 0
configure:74895: result: yes
configure:74933: checking for main in -lblkid
configure:74953: gcc -o conftest -g -O2 -I/usr/include/blkid   -lblkid conftest.c -lblkid   >&5
configure:74953: $? = 0
configure:74963: result: yes
configure:75057: checking for library containing xdrmem_create
configure:75087: gcc -o conftest -g -O2   conftest.c  >&5
/usr/bin/ld: /tmp/ccRQNHXm.o: in function `main':
/home/xnox/canonical/zfs/conftest.c:77: undefined reference to `xdrmem_create'
collect2: error: ld returned 1 exit status
configure:75087: $? = 1
configure: failed program was:
| /* confdefs.h */
| #define PACKAGE_NAME "zfs"
| #define PACKAGE_TARNAME "zfs"
| #define PACKAGE_VERSION "2.1.99"
| #define PACKAGE_STRING "zfs 2.1.99"
| #define PACKAGE_BUGREPORT ""
| #define PACKAGE_URL ""
| #define ZFS_META_NAME "zfs"
| #define ZFS_META_VERSION "2.1.99"
| #define SPL_META_VERSION ZFS_META_VERSION
| #define ZFS_META_RELEASE "0ubuntu1"
| #define SPL_META_RELEASE ZFS_META_RELEASE
| #define ZFS_META_LICENSE "CDDL"
| #define ZFS_META_ALIAS "zfs-2.1.99-0ubuntu1"
| #define SPL_META_ALIAS ZFS_META_ALIAS
| #define ZFS_META_AUTHOR "OpenZFS"
| #define ZFS_META_KVER_MIN "3.10"
| #define ZFS_META_KVER_MAX "6.2"
| #define PACKAGE "zfs"
| #define VERSION "2.1.99"
| #define HAVE_STDIO_H 1
| #define HAVE_STDLIB_H 1
| #define HAVE_STRING_H 1
| #define HAVE_INTTYPES_H 1
| #define HAVE_STDINT_H 1
| #define HAVE_STRINGS_H 1
| #define HAVE_SYS_STAT_H 1
| #define HAVE_SYS_TYPES_H 1
| #define HAVE_UNISTD_H 1
| #define STDC_HEADERS 1
| #define HAVE_DLFCN_H 1
| #define LT_OBJDIR ".libs/"
| #define HAVE_IMPLICIT_FALLTHROUGH 1
| #define HAVE_FORMAT_OVERFLOW 1
| #define HAVE_SSE 1
| #define HAVE_SSE2 1
| #define HAVE_SSE3 1
| #define HAVE_SSSE3 1
| #define HAVE_SSE4_1 1
| #define HAVE_SSE4_2 1
| #define HAVE_AVX 1
| #define HAVE_AVX2 1
| #define HAVE_AVX512F 1
| #define HAVE_AVX512CD 1
| #define HAVE_AVX512DQ 1
| #define HAVE_AVX512BW 1
| #define HAVE_AVX512IFMA 1
| #define HAVE_AVX512VBMI 1
| #define HAVE_AVX512PF 1
| #define HAVE_AVX512ER 1
| #define HAVE_AVX512VL 1
| #define HAVE_AES 1
| #define HAVE_PCLMULQDQ 1
| #define HAVE_MOVBE 1
| #define HAVE_XSAVE 1
| #define HAVE_XSAVEOPT 1
| #define HAVE_XSAVES 1
| #define SYSTEM_LINUX 1
| #define HAVE_PYTHON "3.10"
| #define ENABLE_NLS 1
| #define HAVE_GETTEXT 1
| #define HAVE_DCGETTEXT 1
| #define HAVE_ZLIB 1
| #define HAVE_LIBUDEV 1
| #define HAVE_UDEV_DEVICE_GET_IS_INITIALIZED 1
| #define HAVE_LIBUUID 1
| #define HAVE_LIBBLKID 1
| /* end confdefs.h.  */
| 
| /* Override any GCC internal prototype to avoid an error.
|    Use char because int might match the return type of a GCC
|    builtin and then its argument prototype would still apply.  */
| char xdrmem_create ();
| int
| main (void)
| {
| return xdrmem_create ();
|   ;
|   return 0;
| }
configure:75107: result: no
configure:75145: checking for libtirpc
configure:75152: $PKG_CONFIG --exists --print-errors "libtirpc"
configure:75155: $? = 0
configure:75169: $PKG_CONFIG --exists --print-errors "libtirpc"
configure:75172: $? = 0
configure:75210: result: yes
configure:75258: checking for rpc/xdr.h
configure:75258: gcc -c -g -O2 -I/usr/include/tirpc  conftest.c >&5
configure:75258: $? = 0
configure:75258: result: yes
configure:75310: checking for xdrmem_create in -ltirpc
configure:75333: gcc -o conftest -g -O2 -I/usr/include/tirpc   -ltirpc conftest.c -ltirpc   >&5
configure:75333: $? = 0
configure:75343: result: yes
configure:75444: checking for libcrypto
configure:75451: $PKG_CONFIG --exists --print-errors "libcrypto"
configure:75454: $? = 0
configure:75468: $PKG_CONFIG --exists --print-errors "libcrypto"
configure:75471: $? = 0
configure:75509: result: yes
configure:75557: checking for openssl/evp.h
configure:75557: gcc -c -g -O2   conftest.c >&5
configure:75557: $? = 0
configure:75557: result: yes
configure:75595: checking for PKCS5_PBKDF2_HMAC_SHA1 in -lcrypto
configure:75618: gcc -o conftest -g -O2    -lcrypto conftest.c -lcrypto   >&5
configure:75618: $? = 0
configure:75628: result: yes
configure:75829: checking for libaio.h
configure:75829: gcc -c -g -O2   conftest.c >&5
configure:75829: $? = 0
configure:75829: result: yes
configure:75867: checking for main in -laio
configure:75887: gcc -o conftest -g -O2     -laio conftest.c -laio   >&5
configure:75887: $? = 0
configure:75897: result: yes
configure:75968: checking whether -latomic is required
configure:75986: gcc -o conftest -g -O2   conftest.c  -latomic >&5
configure:75986: $? = 0
configure:76003: gcc -o conftest -g -O2 -isystem lib/libspl/include   conftest.c  >&5
configure:76003: $? = 0
configure:76021: result: no
configure:76029: checking for libfetch
configure:76055: gcc -o conftest -g -O2   conftest.c  -lfetch >&5
conftest.c:75:26: fatal error: fetch.h: No such file or directory
   75 |                 #include <fetch.h>
      |                          ^~~~~~~~~
compilation terminated.
configure:76055: $? = 1
configure: failed program was:
| /* confdefs.h */
| #define PACKAGE_NAME "zfs"
| #define PACKAGE_TARNAME "zfs"
| #define PACKAGE_VERSION "2.1.99"
| #define PACKAGE_STRING "zfs 2.1.99"
| #define PACKAGE_BUGREPORT ""
| #define PACKAGE_URL ""
| #define ZFS_META_NAME "zfs"
| #define ZFS_META_VERSION "2.1.99"
| #define SPL_META_VERSION ZFS_META_VERSION
| #define ZFS_META_RELEASE "0ubuntu1"
| #define SPL_META_RELEASE ZFS_META_RELEASE
| #define ZFS_META_LICENSE "CDDL"
| #define ZFS_META_ALIAS "zfs-2.1.99-0ubuntu1"
| #define SPL_META_ALIAS ZFS_META_ALIAS
| #define ZFS_META_AUTHOR "OpenZFS"
| #define ZFS_META_KVER_MIN "3.10"
| #define ZFS_META_KVER_MAX "6.2"
| #define PACKAGE "zfs"
| #define VERSION "2.1.99"
| #define HAVE_STDIO_H 1
| #define HAVE_STDLIB_H 1
| #define HAVE_STRING_H 1
| #define HAVE_INTTYPES_H 1
| #define HAVE_STDINT_H 1
| #define HAVE_STRINGS_H 1
| #define HAVE_SYS_STAT_H 1
| #define HAVE_SYS_TYPES_H 1
| #define HAVE_UNISTD_H 1
| #define STDC_HEADERS 1
| #define HAVE_DLFCN_H 1
| #define LT_OBJDIR ".libs/"
| #define HAVE_IMPLICIT_FALLTHROUGH 1
| #define HAVE_FORMAT_OVERFLOW 1
| #define HAVE_SSE 1
| #define HAVE_SSE2 1
| #define HAVE_SSE3 1
| #define HAVE_SSSE3 1
| #define HAVE_SSE4_1 1
| #define HAVE_SSE4_2 1
| #define HAVE_AVX 1
| #define HAVE_AVX2 1
| #define HAVE_AVX512F 1
| #define HAVE_AVX512CD 1
| #define HAVE_AVX512DQ 1
| #define HAVE_AVX512BW 1
| #define HAVE_AVX512IFMA 1
| #define HAVE_AVX512VBMI 1
| #define HAVE_AVX512PF 1
| #define HAVE_AVX512ER 1
| #define HAVE_AVX512VL 1
| #define HAVE_AES 1
| #define HAVE_PCLMULQDQ 1
| #define HAVE_MOVBE 1
| #define HAVE_XSAVE 1
| #define HAVE_XSAVEOPT 1
| #define HAVE_XSAVES 1
| #define SYSTEM_LINUX 1
| #define HAVE_PYTHON "3.10"
| #define ENABLE_NLS 1
| #define HAVE_GETTEXT 1
| #define HAVE_DCGETTEXT 1
| #define HAVE_ZLIB 1
| #define HAVE_LIBUDEV 1
| #define HAVE_UDEV_DEVICE_GET_IS_INITIALIZED 1
| #define HAVE_LIBUUID 1
| #define HAVE_LIBBLKID 1
| #define HAVE_LIBTIRPC 1
| #define HAVE_LIBCRYPTO 1
| #define HAVE_LIBAIO 1
| /* end confdefs.h.  */
| 
| 		#include <sys/param.h>
| 		#include <stdio.h>
| 		#include <fetch.h>
| 
| int
| main (void)
| {
| fetchGetURL("", "");
|   ;
|   return 0;
| }
configure:76080: result: libcurl
configure:76238: checking for aio.h
configure:76238: gcc -c -g -O2   conftest.c >&5
configure:76238: $? = 0
configure:76238: result: yes
configure:76276: checking for lio_listio in -lrt
configure:76299: gcc -o conftest -g -O2     -lrt conftest.c -lrt   >&5
configure:76299: $? = 0
configure:76309: result: yes
configure:76380: checking for clock_gettime
configure:76380: gcc -o conftest -g -O2   conftest.c  >&5
configure:76380: $? = 0
configure:76380: result: yes
configure:76474: checking for security/pam_modules.h
configure:76474: gcc -c -g -O2  conftest.c >&5
configure:76474: $? = 0
configure:76474: result: yes
configure:76521: checking makedev() is declared in sys/sysmacros.h
configure:76539: gcc -c -g -O2  conftest.c >&5
configure:76539: $? = 0
configure:76542: result: yes
configure:76557: checking makedev() is declared in sys/mkdev.h
configure:76575: gcc -c -g -O2  conftest.c >&5
conftest.c:80:26: fatal error: sys/mkdev.h: No such file or directory
   80 |                 #include <sys/mkdev.h>
      |                          ^~~~~~~~~~~~~
compilation terminated.
configure:76575: $? = 1
configure: failed program was:
| /* confdefs.h */
| #define PACKAGE_NAME "zfs"
| #define PACKAGE_TARNAME "zfs"
| #define PACKAGE_VERSION "2.1.99"
| #define PACKAGE_STRING "zfs 2.1.99"
| #define PACKAGE_BUGREPORT ""
| #define PACKAGE_URL ""
| #define ZFS_META_NAME "zfs"
| #define ZFS_META_VERSION "2.1.99"
| #define SPL_META_VERSION ZFS_META_VERSION
| #define ZFS_META_RELEASE "0ubuntu1"
| #define SPL_META_RELEASE ZFS_META_RELEASE
| #define ZFS_META_LICENSE "CDDL"
| #define ZFS_META_ALIAS "zfs-2.1.99-0ubuntu1"
| #define SPL_META_ALIAS ZFS_META_ALIAS
| #define ZFS_META_AUTHOR "OpenZFS"
| #define ZFS_META_KVER_MIN "3.10"
| #define ZFS_META_KVER_MAX "6.2"
| #define PACKAGE "zfs"
| #define VERSION "2.1.99"
| #define HAVE_STDIO_H 1
| #define HAVE_STDLIB_H 1
| #define HAVE_STRING_H 1
| #define HAVE_INTTYPES_H 1
| #define HAVE_STDINT_H 1
| #define HAVE_STRINGS_H 1
| #define HAVE_SYS_STAT_H 1
| #define HAVE_SYS_TYPES_H 1
| #define HAVE_UNISTD_H 1
| #define STDC_HEADERS 1
| #define HAVE_DLFCN_H 1
| #define LT_OBJDIR ".libs/"
| #define HAVE_IMPLICIT_FALLTHROUGH 1
| #define HAVE_FORMAT_OVERFLOW 1
| #define HAVE_SSE 1
| #define HAVE_SSE2 1
| #define HAVE_SSE3 1
| #define HAVE_SSSE3 1
| #define HAVE_SSE4_1 1
| #define HAVE_SSE4_2 1
| #define HAVE_AVX 1
| #define HAVE_AVX2 1
| #define HAVE_AVX512F 1
| #define HAVE_AVX512CD 1
| #define HAVE_AVX512DQ 1
| #define HAVE_AVX512BW 1
| #define HAVE_AVX512IFMA 1
| #define HAVE_AVX512VBMI 1
| #define HAVE_AVX512PF 1
| #define HAVE_AVX512ER 1
| #define HAVE_AVX512VL 1
| #define HAVE_AES 1
| #define HAVE_PCLMULQDQ 1
| #define HAVE_MOVBE 1
| #define HAVE_XSAVE 1
| #define HAVE_XSAVEOPT 1
| #define HAVE_XSAVES 1
| #define SYSTEM_LINUX 1
| #define HAVE_PYTHON "3.10"
| #define ENABLE_NLS 1
| #define HAVE_GETTEXT 1
| #define HAVE_DCGETTEXT 1
| #define HAVE_ZLIB 1
| #define HAVE_LIBUDEV 1
| #define HAVE_UDEV_DEVICE_GET_IS_INITIALIZED 1
| #define HAVE_LIBUUID 1
| #define HAVE_LIBBLKID 1
| #define HAVE_LIBTIRPC 1
| #define HAVE_LIBCRYPTO 1
| #define HAVE_LIBAIO 1
| #define LIBFETCH_IS_FETCH 0
| #define LIBFETCH_IS_LIBCURL 1
| #define LIBFETCH_DYNAMIC 1
| #define LIBFETCH_SONAME "libcurl.so.4"
| #define HAVE_AIO_H 1
| #define HAVE_SECURITY_PAM_MODULES_H 1
| #define HAVE_MAKEDEV_IN_SYSMACROS 1
| /* end confdefs.h.  */
| 
| 		#include <sys/mkdev.h>
| 
| int
| main (void)
| {
| 
| 		int k;
| 		k = makedev(0,0);
| 
|   ;
|   return 0;
| }
configure:76586: result: no
configure:76606: checking for issetugid
configure:76606: gcc -o conftest -g -O2   conftest.c  >&5
/usr/bin/ld: /tmp/cc1ziVau.o: in function `main':
/home/xnox/canonical/zfs/conftest.c:106: undefined reference to `issetugid'
collect2: error: ld returned 1 exit status
configure:76606: $? = 1
configure: failed program was:
| /* confdefs.h */
| #define PACKAGE_NAME "zfs"
| #define PACKAGE_TARNAME "zfs"
| #define PACKAGE_VERSION "2.1.99"
| #define PACKAGE_STRING "zfs 2.1.99"
| #define PACKAGE_BUGREPORT ""
| #define PACKAGE_URL ""
| #define ZFS_META_NAME "zfs"
| #define ZFS_META_VERSION "2.1.99"
| #define SPL_META_VERSION ZFS_META_VERSION
| #define ZFS_META_RELEASE "0ubuntu1"
| #define SPL_META_RELEASE ZFS_META_RELEASE
| #define ZFS_META_LICENSE "CDDL"
| #define ZFS_META_ALIAS "zfs-2.1.99-0ubuntu1"
| #define SPL_META_ALIAS ZFS_META_ALIAS
| #define ZFS_META_AUTHOR "OpenZFS"
| #define ZFS_META_KVER_MIN "3.10"
| #define ZFS_META_KVER_MAX "6.2"
| #define PACKAGE "zfs"
| #define VERSION "2.1.99"
| #define HAVE_STDIO_H 1
| #define HAVE_STDLIB_H 1
| #define HAVE_STRING_H 1
| #define HAVE_INTTYPES_H 1
| #define HAVE_STDINT_H 1
| #define HAVE_STRINGS_H 1
| #define HAVE_SYS_STAT_H 1
| #define HAVE_SYS_TYPES_H 1
| #define HAVE_UNISTD_H 1
| #define STDC_HEADERS 1
| #define HAVE_DLFCN_H 1
| #define LT_OBJDIR ".libs/"
| #define HAVE_IMPLICIT_FALLTHROUGH 1
| #define HAVE_FORMAT_OVERFLOW 1
| #define HAVE_SSE 1
| #define HAVE_SSE2 1
| #define HAVE_SSE3 1
| #define HAVE_SSSE3 1
| #define HAVE_SSE4_1 1
| #define HAVE_SSE4_2 1
| #define HAVE_AVX 1
| #define HAVE_AVX2 1
| #define HAVE_AVX512F 1
| #define HAVE_AVX512CD 1
| #define HAVE_AVX512DQ 1
| #define HAVE_AVX512BW 1
| #define HAVE_AVX512IFMA 1
| #define HAVE_AVX512VBMI 1
| #define HAVE_AVX512PF 1
| #define HAVE_AVX512ER 1
| #define HAVE_AVX512VL 1
| #define HAVE_AES 1
| #define HAVE_PCLMULQDQ 1
| #define HAVE_MOVBE 1
| #define HAVE_XSAVE 1
| #define HAVE_XSAVEOPT 1
| #define HAVE_XSAVES 1
| #define SYSTEM_LINUX 1
| #define HAVE_PYTHON "3.10"
| #define ENABLE_NLS 1
| #define HAVE_GETTEXT 1
| #define HAVE_DCGETTEXT 1
| #define HAVE_ZLIB 1
| #define HAVE_LIBUDEV 1
| #define HAVE_UDEV_DEVICE_GET_IS_INITIALIZED 1
| #define HAVE_LIBUUID 1
| #define HAVE_LIBBLKID 1
| #define HAVE_LIBTIRPC 1
| #define HAVE_LIBCRYPTO 1
| #define HAVE_LIBAIO 1
| #define LIBFETCH_IS_FETCH 0
| #define LIBFETCH_IS_LIBCURL 1
| #define LIBFETCH_DYNAMIC 1
| #define LIBFETCH_SONAME "libcurl.so.4"
| #define HAVE_AIO_H 1
| #define HAVE_SECURITY_PAM_MODULES_H 1
| #define HAVE_MAKEDEV_IN_SYSMACROS 1
| /* end confdefs.h.  */
| /* Define issetugid to an innocuous variant, in case <limits.h> declares issetugid.
|    For example, HP-UX 11i <limits.h> declares gettimeofday.  */
| #define issetugid innocuous_issetugid
| 
| /* System header to define __stub macros and hopefully few prototypes,
|    which can conflict with char issetugid (); below.  */
| 
| #include <limits.h>
| #undef issetugid
| 
| /* Override any GCC internal prototype to avoid an error.
|    Use char because int might match the return type of a GCC
|    builtin and then its argument prototype would still apply.  */
| #ifdef __cplusplus
| extern "C"
| #endif
| char issetugid ();
| /* The GNU C library defines this for functions which it implements
|     to always fail with ENOSYS.  Some functions are actually named
|     something starting with __ and the normal name is an alias.  */
| #if defined __stub_issetugid || defined __stub___issetugid
| choke me
| #endif
| 
| int
| main (void)
| {
| return issetugid ();
|   ;
|   return 0;
| }
configure:76606: result: no
configure:76612: checking for mlockall
configure:76612: gcc -o conftest -g -O2   conftest.c  >&5
configure:76612: $? = 0
configure:76612: result: yes
configure:76618: checking for strlcat
configure:76618: gcc -o conftest -g -O2   conftest.c  >&5
/usr/bin/ld: /tmp/cc3sr4cf.o: in function `main':
/home/xnox/canonical/zfs/conftest.c:107: undefined reference to `strlcat'
collect2: error: ld returned 1 exit status
configure:76618: $? = 1
configure: failed program was:
| /* confdefs.h */
| #define PACKAGE_NAME "zfs"
| #define PACKAGE_TARNAME "zfs"
| #define PACKAGE_VERSION "2.1.99"
| #define PACKAGE_STRING "zfs 2.1.99"
| #define PACKAGE_BUGREPORT ""
| #define PACKAGE_URL ""
| #define ZFS_META_NAME "zfs"
| #define ZFS_META_VERSION "2.1.99"
| #define SPL_META_VERSION ZFS_META_VERSION
| #define ZFS_META_RELEASE "0ubuntu1"
| #define SPL_META_RELEASE ZFS_META_RELEASE
| #define ZFS_META_LICENSE "CDDL"
| #define ZFS_META_ALIAS "zfs-2.1.99-0ubuntu1"
| #define SPL_META_ALIAS ZFS_META_ALIAS
| #define ZFS_META_AUTHOR "OpenZFS"
| #define ZFS_META_KVER_MIN "3.10"
| #define ZFS_META_KVER_MAX "6.2"
| #define PACKAGE "zfs"
| #define VERSION "2.1.99"
| #define HAVE_STDIO_H 1
| #define HAVE_STDLIB_H 1
| #define HAVE_STRING_H 1
| #define HAVE_INTTYPES_H 1
| #define HAVE_STDINT_H 1
| #define HAVE_STRINGS_H 1
| #define HAVE_SYS_STAT_H 1
| #define HAVE_SYS_TYPES_H 1
| #define HAVE_UNISTD_H 1
| #define STDC_HEADERS 1
| #define HAVE_DLFCN_H 1
| #define LT_OBJDIR ".libs/"
| #define HAVE_IMPLICIT_FALLTHROUGH 1
| #define HAVE_FORMAT_OVERFLOW 1
| #define HAVE_SSE 1
| #define HAVE_SSE2 1
| #define HAVE_SSE3 1
| #define HAVE_SSSE3 1
| #define HAVE_SSE4_1 1
| #define HAVE_SSE4_2 1
| #define HAVE_AVX 1
| #define HAVE_AVX2 1
| #define HAVE_AVX512F 1
| #define HAVE_AVX512CD 1
| #define HAVE_AVX512DQ 1
| #define HAVE_AVX512BW 1
| #define HAVE_AVX512IFMA 1
| #define HAVE_AVX512VBMI 1
| #define HAVE_AVX512PF 1
| #define HAVE_AVX512ER 1
| #define HAVE_AVX512VL 1
| #define HAVE_AES 1
| #define HAVE_PCLMULQDQ 1
| #define HAVE_MOVBE 1
| #define HAVE_XSAVE 1
| #define HAVE_XSAVEOPT 1
| #define HAVE_XSAVES 1
| #define SYSTEM_LINUX 1
| #define HAVE_PYTHON "3.10"
| #define ENABLE_NLS 1
| #define HAVE_GETTEXT 1
| #define HAVE_DCGETTEXT 1
| #define HAVE_ZLIB 1
| #define HAVE_LIBUDEV 1
| #define HAVE_UDEV_DEVICE_GET_IS_INITIALIZED 1
| #define HAVE_LIBUUID 1
| #define HAVE_LIBBLKID 1
| #define HAVE_LIBTIRPC 1
| #define HAVE_LIBCRYPTO 1
| #define HAVE_LIBAIO 1
| #define LIBFETCH_IS_FETCH 0
| #define LIBFETCH_IS_LIBCURL 1
| #define LIBFETCH_DYNAMIC 1
| #define LIBFETCH_SONAME "libcurl.so.4"
| #define HAVE_AIO_H 1
| #define HAVE_SECURITY_PAM_MODULES_H 1
| #define HAVE_MAKEDEV_IN_SYSMACROS 1
| #define HAVE_MLOCKALL 1
| /* end confdefs.h.  */
| /* Define strlcat to an innocuous variant, in case <limits.h> declares strlcat.
|    For example, HP-UX 11i <limits.h> declares gettimeofday.  */
| #define strlcat innocuous_strlcat
| 
| /* System header to define __stub macros and hopefully few prototypes,
|    which can conflict with char strlcat (); below.  */
| 
| #include <limits.h>
| #undef strlcat
| 
| /* Override any GCC internal prototype to avoid an error.
|    Use char because int might match the return type of a GCC
|    builtin and then its argument prototype would still apply.  */
| #ifdef __cplusplus
| extern "C"
| #endif
| char strlcat ();
| /* The GNU C library defines this for functions which it implements
|     to always fail with ENOSYS.  Some functions are actually named
|     something starting with __ and the normal name is an alias.  */
| #if defined __stub_strlcat || defined __stub___strlcat
| choke me
| #endif
| 
| int
| main (void)
| {
| return strlcat ();
|   ;
|   return 0;
| }
configure:76618: result: no
configure:76624: checking for strlcpy
configure:76624: gcc -o conftest -g -O2   conftest.c  >&5
/usr/bin/ld: /tmp/ccRtWyrk.o: in function `main':
/home/xnox/canonical/zfs/conftest.c:107: undefined reference to `strlcpy'
collect2: error: ld returned 1 exit status
configure:76624: $? = 1
configure: failed program was:
| /* confdefs.h */
| #define PACKAGE_NAME "zfs"
| #define PACKAGE_TARNAME "zfs"
| #define PACKAGE_VERSION "2.1.99"
| #define PACKAGE_STRING "zfs 2.1.99"
| #define PACKAGE_BUGREPORT ""
| #define PACKAGE_URL ""
| #define ZFS_META_NAME "zfs"
| #define ZFS_META_VERSION "2.1.99"
| #define SPL_META_VERSION ZFS_META_VERSION
| #define ZFS_META_RELEASE "0ubuntu1"
| #define SPL_META_RELEASE ZFS_META_RELEASE
| #define ZFS_META_LICENSE "CDDL"
| #define ZFS_META_ALIAS "zfs-2.1.99-0ubuntu1"
| #define SPL_META_ALIAS ZFS_META_ALIAS
| #define ZFS_META_AUTHOR "OpenZFS"
| #define ZFS_META_KVER_MIN "3.10"
| #define ZFS_META_KVER_MAX "6.2"
| #define PACKAGE "zfs"
| #define VERSION "2.1.99"
| #define HAVE_STDIO_H 1
| #define HAVE_STDLIB_H 1
| #define HAVE_STRING_H 1
| #define HAVE_INTTYPES_H 1
| #define HAVE_STDINT_H 1
| #define HAVE_STRINGS_H 1
| #define HAVE_SYS_STAT_H 1
| #define HAVE_SYS_TYPES_H 1
| #define HAVE_UNISTD_H 1
| #define STDC_HEADERS 1
| #define HAVE_DLFCN_H 1
| #define LT_OBJDIR ".libs/"
| #define HAVE_IMPLICIT_FALLTHROUGH 1
| #define HAVE_FORMAT_OVERFLOW 1
| #define HAVE_SSE 1
| #define HAVE_SSE2 1
| #define HAVE_SSE3 1
| #define HAVE_SSSE3 1
| #define HAVE_SSE4_1 1
| #define HAVE_SSE4_2 1
| #define HAVE_AVX 1
| #define HAVE_AVX2 1
| #define HAVE_AVX512F 1
| #define HAVE_AVX512CD 1
| #define HAVE_AVX512DQ 1
| #define HAVE_AVX512BW 1
| #define HAVE_AVX512IFMA 1
| #define HAVE_AVX512VBMI 1
| #define HAVE_AVX512PF 1
| #define HAVE_AVX512ER 1
| #define HAVE_AVX512VL 1
| #define HAVE_AES 1
| #define HAVE_PCLMULQDQ 1
| #define HAVE_MOVBE 1
| #define HAVE_XSAVE 1
| #define HAVE_XSAVEOPT 1
| #define HAVE_XSAVES 1
| #define SYSTEM_LINUX 1
| #define HAVE_PYTHON "3.10"
| #define ENABLE_NLS 1
| #define HAVE_GETTEXT 1
| #define HAVE_DCGETTEXT 1
| #define HAVE_ZLIB 1
| #define HAVE_LIBUDEV 1
| #define HAVE_UDEV_DEVICE_GET_IS_INITIALIZED 1
| #define HAVE_LIBUUID 1
| #define HAVE_LIBBLKID 1
| #define HAVE_LIBTIRPC 1
| #define HAVE_LIBCRYPTO 1
| #define HAVE_LIBAIO 1
| #define LIBFETCH_IS_FETCH 0
| #define LIBFETCH_IS_LIBCURL 1
| #define LIBFETCH_DYNAMIC 1
| #define LIBFETCH_SONAME "libcurl.so.4"
| #define HAVE_AIO_H 1
| #define HAVE_SECURITY_PAM_MODULES_H 1
| #define HAVE_MAKEDEV_IN_SYSMACROS 1
| #define HAVE_MLOCKALL 1
| /* end confdefs.h.  */
| /* Define strlcpy to an innocuous variant, in case <limits.h> declares strlcpy.
|    For example, HP-UX 11i <limits.h> declares gettimeofday.  */
| #define strlcpy innocuous_strlcpy
| 
| /* System header to define __stub macros and hopefully few prototypes,
|    which can conflict with char strlcpy (); below.  */
| 
| #include <limits.h>
| #undef strlcpy
| 
| /* Override any GCC internal prototype to avoid an error.
|    Use char because int might match the return type of a GCC
|    builtin and then its argument prototype would still apply.  */
| #ifdef __cplusplus
| extern "C"
| #endif
| char strlcpy ();
| /* The GNU C library defines this for functions which it implements
|     to always fail with ENOSYS.  Some functions are actually named
|     something starting with __ and the normal name is an alias.  */
| #if defined __stub_strlcpy || defined __stub___strlcpy
| choke me
| #endif
| 
| int
| main (void)
| {
| return strlcpy ();
|   ;
|   return 0;
| }
configure:76624: result: no
configure:76654: checking kernel source and build directories
configure:76737: result: done
configure:76739: checking kernel source directory
configure:76741: result: /usr/src/linux-headers-5.19.0-42-generic
configure:76743: checking kernel build directory
configure:76745: result: /usr/src/linux-headers-5.19.0-42-generic
configure:76758: checking kernel source version
configure:76811: result: 5.19.0-42-generic
configure:76975: gcc -o conftest -g -O2   conftest.c  >&5
In file included from conftest.c:82:
/usr/src/linux-headers-5.19.0-42-generic/include/linux/license.h: In function 'license_is_gpl_compatible':
/usr/src/linux-headers-5.19.0-42-generic/include/linux/license.h:7:17: warning: implicit declaration of function 'strcmp' [-Wimplicit-function-declaration]
    7 |         return (strcmp(license, "GPL") == 0
      |                 ^~~~~~
/usr/src/linux-headers-5.19.0-42-generic/include/linux/license.h:1:1: note: include '<string.h>' or provide a declaration of 'strcmp'
  +++ |+#include <string.h>
    1 | /* SPDX-License-Identifier: GPL-2.0-only */
configure:76975: $? = 0
configure:76975: ./conftest
configure:76975: $? = 1
configure: program exited with status 1
configure: failed program was:
| /* confdefs.h */
| #define PACKAGE_NAME "zfs"
| #define PACKAGE_TARNAME "zfs"
| #define PACKAGE_VERSION "2.1.99"
| #define PACKAGE_STRING "zfs 2.1.99"
| #define PACKAGE_BUGREPORT ""
| #define PACKAGE_URL ""
| #define ZFS_META_NAME "zfs"
| #define ZFS_META_VERSION "2.1.99"
| #define SPL_META_VERSION ZFS_META_VERSION
| #define ZFS_META_RELEASE "0ubuntu1"
| #define SPL_META_RELEASE ZFS_META_RELEASE
| #define ZFS_META_LICENSE "CDDL"
| #define ZFS_META_ALIAS "zfs-2.1.99-0ubuntu1"
| #define SPL_META_ALIAS ZFS_META_ALIAS
| #define ZFS_META_AUTHOR "OpenZFS"
| #define ZFS_META_KVER_MIN "3.10"
| #define ZFS_META_KVER_MAX "6.2"
| #define PACKAGE "zfs"
| #define VERSION "2.1.99"
| #define HAVE_STDIO_H 1
| #define HAVE_STDLIB_H 1
| #define HAVE_STRING_H 1
| #define HAVE_INTTYPES_H 1
| #define HAVE_STDINT_H 1
| #define HAVE_STRINGS_H 1
| #define HAVE_SYS_STAT_H 1
| #define HAVE_SYS_TYPES_H 1
| #define HAVE_UNISTD_H 1
| #define STDC_HEADERS 1
| #define HAVE_DLFCN_H 1
| #define LT_OBJDIR ".libs/"
| #define HAVE_IMPLICIT_FALLTHROUGH 1
| #define HAVE_FORMAT_OVERFLOW 1
| #define HAVE_SSE 1
| #define HAVE_SSE2 1
| #define HAVE_SSE3 1
| #define HAVE_SSSE3 1
| #define HAVE_SSE4_1 1
| #define HAVE_SSE4_2 1
| #define HAVE_AVX 1
| #define HAVE_AVX2 1
| #define HAVE_AVX512F 1
| #define HAVE_AVX512CD 1
| #define HAVE_AVX512DQ 1
| #define HAVE_AVX512BW 1
| #define HAVE_AVX512IFMA 1
| #define HAVE_AVX512VBMI 1
| #define HAVE_AVX512PF 1
| #define HAVE_AVX512ER 1
| #define HAVE_AVX512VL 1
| #define HAVE_AES 1
| #define HAVE_PCLMULQDQ 1
| #define HAVE_MOVBE 1
| #define HAVE_XSAVE 1
| #define HAVE_XSAVEOPT 1
| #define HAVE_XSAVES 1
| #define SYSTEM_LINUX 1
| #define HAVE_PYTHON "3.10"
| #define ENABLE_NLS 1
| #define HAVE_GETTEXT 1
| #define HAVE_DCGETTEXT 1
| #define HAVE_ZLIB 1
| #define HAVE_LIBUDEV 1
| #define HAVE_UDEV_DEVICE_GET_IS_INITIALIZED 1
| #define HAVE_LIBUUID 1
| #define HAVE_LIBBLKID 1
| #define HAVE_LIBTIRPC 1
| #define HAVE_LIBCRYPTO 1
| #define HAVE_LIBAIO 1
| #define LIBFETCH_IS_FETCH 0
| #define LIBFETCH_IS_LIBCURL 1
| #define LIBFETCH_DYNAMIC 1
| #define LIBFETCH_SONAME "libcurl.so.4"
| #define HAVE_AIO_H 1
| #define HAVE_SECURITY_PAM_MODULES_H 1
| #define HAVE_MAKEDEV_IN_SYSMACROS 1
| #define HAVE_MLOCKALL 1
| /* end confdefs.h.  */
| 
| 
| 				#include "/usr/src/linux-headers-5.19.0-42-generic/include/linux/license.h"
| 
| int
| main (void)
| {
| 
| 				return !license_is_gpl_compatible(
| 				    "CDDL");
| 
|   ;
|   return 0;
| }
| 
configure:77639: checking for kernel config option compatibility
configure:77653: 
	    KBUILD_MODPOST_NOFINAL=yes KBUILD_MODPOST_WARN=
	    make modules -k -j8 
	     
	    CONFIG_MODULES=y CFLAGS_MODULE=-DCONFIG_MODULES
	    -C /usr/src/linux-headers-5.19.0-42-generic  M=/home/xnox/canonical/zfs/build >build/build.log 2>&1
configure:77656: $? = 0
configure:77659: test -f build/build.log
configure:77662: $? = 0
configure:77701: 
	    KBUILD_MODPOST_NOFINAL= KBUILD_MODPOST_WARN=yes
	    make modules -k -j8 
	     
	    CONFIG_MODULES=y CFLAGS_MODULE=-DCONFIG_MODULES
	    -C /usr/src/linux-headers-5.19.0-42-generic  M=/home/xnox/canonical/zfs/build/config_debug_lock_alloc_license >build/config_debug_lock_alloc_license/build.log 2>&1
configure:77704: $? = 0
configure:77707: test -f build/config_debug_lock_alloc_license/build.log
configure:77710: $? = 0
configure:77751: 
	    KBUILD_MODPOST_NOFINAL= KBUILD_MODPOST_WARN=yes
	    make modules -k -j8 
	     
	    CONFIG_MODULES=y CFLAGS_MODULE=-DCONFIG_MODULES
	    -C /usr/src/linux-headers-5.19.0-42-generic  M=/home/xnox/canonical/zfs/build >build/build.log 2>&1
configure:77754: $? = 0
configure:77757: test -f build/build.log
configure:77760: $? = 0
configure:77791: result: done
configure:77795: checking whether CONFIG_MODULES is defined
configure:77807: result: yes
configure:78060: checking whether CONFIG_BLOCK is defined
configure:78069: result: yes
configure:78093: checking whether mutex_lock() is GPL-only
configure:78102: result: no
configure:78128: checking whether CONFIG_TRIM_UNUSED_KSYM is disabled
configure:78137: result: yes
configure:78166: checking whether CONFIG_ZLIB_DEFLATE is defined
configure:78175: result: yes
configure:78199: checking whether CONFIG_ZLIB_INFLATE is defined
configure:78208: result: yes
configure:78234: checking kernel file name for module symbols
configure:78267: result: Module.symvers
configure:78273: checking whether fpu headers are available
configure:78664: 
	    KBUILD_MODPOST_NOFINAL= KBUILD_MODPOST_WARN=
	    make modules -k -j8 
	     
	    CONFIG_MODULES=y CFLAGS_MODULE=-DCONFIG_MODULES
	    -C /usr/src/linux-headers-5.19.0-42-generic  M=/home/xnox/canonical/zfs/build/conftest >build/conftest/build.log 2>&1
configure:78667: $? = 0
configure:78670: test -f build/conftest/conftest.ko
configure:78673: $? = 0
configure:78861: 
	    KBUILD_MODPOST_NOFINAL= KBUILD_MODPOST_WARN=
	    make modules -k -j8 
	     
	    CONFIG_MODULES=y CFLAGS_MODULE=-DCONFIG_MODULES
	    -C /usr/src/linux-headers-5.19.0-42-generic  M=/home/xnox/canonical/zfs/build/conftest >build/conftest/build.log 2>&1
configure:78864: $? = 2
configure:78867: test -f build/conftest/conftest.ko
configure:78870: $? = 1
configure:78882: result: asm/fpu/api.h
configure:78906: checking whether objtool header is available
configure:79086: 
	    KBUILD_MODPOST_NOFINAL= KBUILD_MODPOST_WARN=
	    make modules -k -j8 
	     
	    CONFIG_MODULES=y CFLAGS_MODULE=-DCONFIG_MODULES
	    -C /usr/src/linux-headers-5.19.0-42-generic  M=/home/xnox/canonical/zfs/build/conftest >build/conftest/build.log 2>&1
configure:79089: $? = 0
configure:79092: test -f build/conftest/conftest.ko
configure:79095: $? = 0
configure:79102: result: linux/objtool.h
configure:79118: checking whether wait_queue_entry_t exists
configure:79300: 
	    KBUILD_MODPOST_NOFINAL= KBUILD_MODPOST_WARN=
	    make modules -k -j8 
	     
	    CONFIG_MODULES=y CFLAGS_MODULE=-DCONFIG_MODULES
	    -C /usr/src/linux-headers-5.19.0-42-generic  M=/home/xnox/canonical/zfs/build/conftest >build/conftest/build.log 2>&1
configure:79303: $? = 0
configure:79306: test -f build/conftest/conftest.ko
configure:79309: $? = 0
configure:79313: result: yes
configure:79332: checking whether /dev/zfs minor is available
configure:79339: result: 249
configure:79357: checking whether DECLARE_EVENT_CLASS() is available
configure:79617: 
	    KBUILD_MODPOST_NOFINAL= KBUILD_MODPOST_WARN=
	    make modules -k -j8 
	     
	    CONFIG_MODULES=y CFLAGS_MODULE=-DCONFIG_MODULES
	    -C /usr/src/linux-headers-5.19.0-42-generic  M=/home/xnox/canonical/zfs/build/conftest >build/conftest/build.log 2>&1
configure:79620: $? = 2
configure:79623: test -f build/conftest/conftest.ko
configure:79626: $? = 1
configure:79638: result: no
configure:112604: checking for available kernel interfaces
configure:112618: 
	    KBUILD_MODPOST_NOFINAL=yes KBUILD_MODPOST_WARN=
	    make modules -k -j8 
	     
	    CONFIG_MODULES=y CFLAGS_MODULE=-DCONFIG_MODULES
	    -C /usr/src/linux-headers-5.19.0-42-generic  M=/home/xnox/canonical/zfs/build >build/build.log 2>&1

## ---------------- ##
## Cache variables. ##
## ---------------- ##

ac_cv_build=x86_64-pc-linux-gnu
ac_cv_c_compiler_gnu=yes
ac_cv_env_AIO_H_CFLAGS_set=
ac_cv_env_AIO_H_CFLAGS_value=
ac_cv_env_AIO_H_LIBS_set=
ac_cv_env_AIO_H_LIBS_value=
ac_cv_env_CCASFLAGS_set=
ac_cv_env_CCASFLAGS_value=
ac_cv_env_CCAS_set=
ac_cv_env_CCAS_value=
ac_cv_env_CC_set=
ac_cv_env_CC_value=
ac_cv_env_CFLAGS_set=
ac_cv_env_CFLAGS_value=
ac_cv_env_CPPFLAGS_set=
ac_cv_env_CPPFLAGS_value=
ac_cv_env_KERNEL_CC_set=
ac_cv_env_KERNEL_CC_value=
ac_cv_env_KERNEL_LD_set=
ac_cv_env_KERNEL_LD_value=
ac_cv_env_KERNEL_LLVM_set=
ac_cv_env_KERNEL_LLVM_value=
ac_cv_env_LDFLAGS_set=
ac_cv_env_LDFLAGS_value=
ac_cv_env_LIBAIO_CFLAGS_set=
ac_cv_env_LIBAIO_CFLAGS_value=
ac_cv_env_LIBAIO_LIBS_set=
ac_cv_env_LIBAIO_LIBS_value=
ac_cv_env_LIBBLKID_CFLAGS_set=
ac_cv_env_LIBBLKID_CFLAGS_value=
ac_cv_env_LIBBLKID_LIBS_set=
ac_cv_env_LIBBLKID_LIBS_value=
ac_cv_env_LIBCRYPTO_CFLAGS_set=
ac_cv_env_LIBCRYPTO_CFLAGS_value=
ac_cv_env_LIBCRYPTO_LIBS_set=
ac_cv_env_LIBCRYPTO_LIBS_value=
ac_cv_env_LIBS_set=
ac_cv_env_LIBS_value=
ac_cv_env_LIBTIRPC_CFLAGS_set=
ac_cv_env_LIBTIRPC_CFLAGS_value=
ac_cv_env_LIBTIRPC_LIBS_set=
ac_cv_env_LIBTIRPC_LIBS_value=
ac_cv_env_LIBUDEV_CFLAGS_set=
ac_cv_env_LIBUDEV_CFLAGS_value=
ac_cv_env_LIBUDEV_LIBS_set=
ac_cv_env_LIBUDEV_LIBS_value=
ac_cv_env_LIBUUID_CFLAGS_set=
ac_cv_env_LIBUUID_CFLAGS_value=
ac_cv_env_LIBUUID_LIBS_set=
ac_cv_env_LIBUUID_LIBS_value=
ac_cv_env_LT_SYS_LIBRARY_PATH_set=
ac_cv_env_LT_SYS_LIBRARY_PATH_value=
ac_cv_env_PKG_CONFIG_LIBDIR_set=
ac_cv_env_PKG_CONFIG_LIBDIR_value=
ac_cv_env_PKG_CONFIG_PATH_set=
ac_cv_env_PKG_CONFIG_PATH_value=
ac_cv_env_PKG_CONFIG_set=
ac_cv_env_PKG_CONFIG_value=
ac_cv_env_PYTHON_VERSION_set=
ac_cv_env_PYTHON_VERSION_value=
ac_cv_env_PYTHON_set=
ac_cv_env_PYTHON_value=
ac_cv_env_TEST_JOBS_set=
ac_cv_env_TEST_JOBS_value=
ac_cv_env_ZLIB_CFLAGS_set=
ac_cv_env_ZLIB_CFLAGS_value=
ac_cv_env_ZLIB_LIBS_set=
ac_cv_env_ZLIB_LIBS_value=
ac_cv_env_build_alias_set=
ac_cv_env_build_alias_value=
ac_cv_env_host_alias_set=
ac_cv_env_host_alias_value=
ac_cv_env_target_alias_set=
ac_cv_env_target_alias_value=
ac_cv_func_clock_gettime=yes
ac_cv_func_issetugid=no
ac_cv_func_mlockall=yes
ac_cv_func_strlcat=no
ac_cv_func_strlcpy=no
ac_cv_func_udev_device_get_is_initialized=yes
ac_cv_header_aio_h=yes
ac_cv_header_blkid_blkid_h=yes
ac_cv_header_dlfcn_h=yes
ac_cv_header_inttypes_h=yes
ac_cv_header_libaio_h=yes
ac_cv_header_libudev_h=yes
ac_cv_header_openssl_evp_h=yes
ac_cv_header_rpc_xdr_h=yes
ac_cv_header_security_pam_modules_h=yes
ac_cv_header_stdint_h=yes
ac_cv_header_stdio_h=yes
ac_cv_header_stdlib_h=yes
ac_cv_header_string_h=yes
ac_cv_header_strings_h=yes
ac_cv_header_sys_stat_h=yes
ac_cv_header_sys_types_h=yes
ac_cv_header_unistd_h=yes
ac_cv_header_uuid_uuid_h=yes
ac_cv_header_zlib_h=yes
ac_cv_host=x86_64-pc-linux-gnu
ac_cv_inplace=--in-place
ac_cv_lib_aio_main=yes
ac_cv_lib_blkid_main=yes
ac_cv_lib_crypto_PKCS5_PBKDF2_HMAC_SHA1=yes
ac_cv_lib_rt_lio_listio=yes
ac_cv_lib_tirpc_xdrmem_create=yes
ac_cv_lib_udev_main=yes
ac_cv_lib_uuid_uuid_generate=yes
ac_cv_lib_uuid_uuid_is_null=yes
ac_cv_lib_z_compress2=yes
ac_cv_lib_z_crc32=yes
ac_cv_lib_z_uncompress=yes
ac_cv_objext=o
ac_cv_path_EGREP='/usr/bin/grep -E'
ac_cv_path_FGREP='/usr/bin/grep -F'
ac_cv_path_GMSGFMT=/usr/bin/msgfmt
ac_cv_path_GREP=/usr/bin/grep
ac_cv_path_MSGFMT=/usr/bin/msgfmt
ac_cv_path_MSGMERGE=/usr/bin/msgmerge
ac_cv_path_PYTHON=/usr/bin/python3.10
ac_cv_path_SED=/usr/bin/sed
ac_cv_path_XGETTEXT=/usr/bin/xgettext
ac_cv_path_ac_pt_PKG_CONFIG=/usr/bin/pkg-config
ac_cv_path_install='/usr/bin/install -c'
ac_cv_path_lt_DD=/usr/bin/dd
ac_cv_path_mkdir=/usr/bin/mkdir
ac_cv_prog_AWK=gawk
ac_cv_prog_CHECKBASHISMS=yes
ac_cv_prog_CPPCHECK=cppcheck
ac_cv_prog_PARALLEL=yes
ac_cv_prog_PYTHON=python3
ac_cv_prog_SHELLCHECK=yes
ac_cv_prog_ac_ct_AR=ar
ac_cv_prog_ac_ct_CC=gcc
ac_cv_prog_ac_ct_MANIFEST_TOOL=mt
ac_cv_prog_ac_ct_OBJDUMP=objdump
ac_cv_prog_ac_ct_RANLIB=ranlib
ac_cv_prog_ac_ct_STRIP=strip
ac_cv_prog_cc_c11=
ac_cv_prog_cc_g=yes
ac_cv_prog_cc_stdc=
ac_cv_prog_make_make_set=yes
ac_cv_search_xdrmem_create=no
ac_cv_target=x86_64-pc-linux-gnu
acl_cv_hardcode_direct=no
acl_cv_hardcode_libdir_flag_spec='${wl}-rpath ${wl}$libdir'
acl_cv_hardcode_libdir_separator=
acl_cv_hardcode_minus_L=no
acl_cv_libdirstems=lib,lib
acl_cv_libext=a
acl_cv_libname_spec='lib$name'
acl_cv_library_names_spec='$libname$shrext'
acl_cv_prog_gnu_ld=yes
acl_cv_rpath=done
acl_cv_shlibext=so
acl_cv_wl=-Wl,
am_cv_CCAS_dependencies_compiler_type=gcc3
am_cv_CC_dependencies_compiler_type=gcc3
am_cv_make_support_nested_variables=yes
am_cv_prog_cc_c_o=yes
am_cv_prog_tar_pax=gnutar
am_cv_python_platform=linux
am_cv_python_pyexecdir='${PYTHON_EXEC_PREFIX}/lib/python3.10/site-packages'
am_cv_python_pythondir='${PYTHON_PREFIX}/lib/python3.10/site-packages'
am_cv_python_version=3.10
gl_cv_host_cpu_c_abi_32bit=no
gt_cv_func_CFLocaleCopyCurrent=no
gt_cv_func_CFLocaleCopyPreferredLanguages=no
gt_cv_func_CFPreferencesCopyAppValue=no
gt_cv_func_gnugettext1_libc=yes
lt_cv_ar_at_file=@
lt_cv_archive_cmds_need_lc=no
lt_cv_deplibs_check_method=pass_all
lt_cv_file_magic_cmd='$MAGIC_CMD'
lt_cv_file_magic_test_file=
lt_cv_ld_reload_flag=-r
lt_cv_nm_interface='BSD nm'
lt_cv_objdir=.libs
lt_cv_path_LD=/usr/bin/ld
lt_cv_path_NM='/usr/bin/nm -B'
lt_cv_path_mainfest_tool=no
lt_cv_prog_compiler_c_o=yes
lt_cv_prog_compiler_pic='-fPIC -DPIC'
lt_cv_prog_compiler_pic_works=yes
lt_cv_prog_compiler_rtti_exceptions=no
lt_cv_prog_compiler_static_works=yes
lt_cv_prog_gnu_ld=yes
lt_cv_sharedlib_from_linklib_cmd='printf %s\n'
lt_cv_shlibpath_overrides_runpath=yes
lt_cv_sys_global_symbol_pipe='sed -n -e '\''s/^.*[	 ]\([ABCDGIRSTW][ABCDGIRSTW]*\)[	 ][	 ]*\([_A-Za-z][_A-Za-z0-9]*\)$/\1 \2 \2/p'\'' | sed '\''/ __gnu_lto/d'\'''
lt_cv_sys_global_symbol_to_c_name_address='sed -n -e '\''s/^: \(.*\) .*$/  {"\1", (void *) 0},/p'\'' -e '\''s/^[ABCDGIRSTW][ABCDGIRSTW]* .* \(.*\)$/  {"\1", (void *) \&\1},/p'\'''
lt_cv_sys_global_symbol_to_c_name_address_lib_prefix='sed -n -e '\''s/^: \(.*\) .*$/  {"\1", (void *) 0},/p'\'' -e '\''s/^[ABCDGIRSTW][ABCDGIRSTW]* .* \(lib.*\)$/  {"\1", (void *) \&\1},/p'\'' -e '\''s/^[ABCDGIRSTW][ABCDGIRSTW]* .* \(.*\)$/  {"lib\1", (void *) \&\1},/p'\'''
lt_cv_sys_global_symbol_to_cdecl='sed -n -e '\''s/^T .* \(.*\)$/extern int \1();/p'\'' -e '\''s/^[ABCDGIRSTW][ABCDGIRSTW]* .* \(.*\)$/extern char \1;/p'\'''
lt_cv_sys_global_symbol_to_import=
lt_cv_sys_max_cmd_len=1572864
lt_cv_to_host_file_cmd=func_convert_file_noop
lt_cv_to_tool_file_cmd=func_convert_file_noop
lt_cv_truncate_bin='/usr/bin/dd bs=4096 count=1'
pkg_cv_LIBBLKID_CFLAGS=-I/usr/include/blkid
pkg_cv_LIBBLKID_LIBS=-lblkid
pkg_cv_LIBCRYPTO_CFLAGS=
pkg_cv_LIBCRYPTO_LIBS=-lcrypto
pkg_cv_LIBTIRPC_CFLAGS=-I/usr/include/tirpc
pkg_cv_LIBTIRPC_LIBS=-ltirpc
pkg_cv_LIBUDEV_CFLAGS=
pkg_cv_LIBUDEV_LIBS=-ludev
pkg_cv_LIBUUID_CFLAGS=-I/usr/include/uuid
pkg_cv_LIBUUID_LIBS=-luuid
pkg_cv_ZLIB_CFLAGS=
pkg_cv_ZLIB_LIBS=-lz

## ----------------- ##
## Output variables. ##
## ----------------- ##















	@echo "Need to reconfigure with --enable-code-coverage"
	@echo "Need to reconfigure with --enable-code-coverage"
 $(CODE_COVERAGE_IGNORE_PATTERN);
 $(CODE_COVERAGE_OUTPUT_FILE);
#
#
#    $(PACKAGE_NAME)-$(PACKAGE_VERSION)-coverage)
#    $(PACKAGE_NAME)-$(PACKAGE_VERSION)-coverage.info)
#    (Default: $(top_builddir))
#    (Default: empty)
#    Multiple directories may be specified, separated by whitespace.
#    by lcov for code coverage. (Default:
#    collecting lcov instance. (Default: $CODE_COVERAGE_LCOV_OPTIONS_GCOVPATH)
#    genhtml instance. (Default: based on $CODE_COVERAGE_BRANCH_COVERAGE)
#    instance. (Default: $CODE_COVERAGE_GENHTML_OPTIONS_DEFAULT)
#    instance. (Default: $CODE_COVERAGE_LCOV_OPTIONS_DEFAULT)
#    instance. (Default: $CODE_COVERAGE_LCOV_RMOPTS_DEFAULT)
#    instances. (Default: $CODE_COVERAGE_LCOV_SHOPTS_DEFAULT)
#    instances. (Default: based on $CODE_COVERAGE_BRANCH_COVERAGE)
#    lcov instance. (Default: empty)
#    reports to be created. (Default:
#    set to 0 to disable it and leave empty to stay with the default.
#  - CODE_COVERAGE_BRANCH_COVERAGE: Set to 1 to enforce branch coverage,
#  - CODE_COVERAGE_DIRECTORY: Top-level directory for code coverage reporting.
#  - CODE_COVERAGE_GENHTML_OPTIONS: Extra options to pass to the genhtml
#  - CODE_COVERAGE_GENHTML_OPTIONS_DEFAULT: Extra options to pass to the
#  - CODE_COVERAGE_IGNORE_PATTERN: Extra glob pattern of files to ignore
#  - CODE_COVERAGE_LCOV_OPTIONS: Extra options to pass to the collecting lcov
#  - CODE_COVERAGE_LCOV_OPTIONS_DEFAULT: Extra options to pass to the
#  - CODE_COVERAGE_LCOV_OPTIONS_GCOVPATH: --gcov-tool pathtogcov
#  - CODE_COVERAGE_LCOV_RMOPTS: Extra options to pass to the filtering lcov
#  - CODE_COVERAGE_LCOV_RMOPTS_DEFAULT: Extra options to pass to the filtering
#  - CODE_COVERAGE_LCOV_SHOPTS: Extra options to shared between both lcov
#  - CODE_COVERAGE_LCOV_SHOPTS_DEFAULT: Extra options shared between both lcov
#  - CODE_COVERAGE_OUTPUT_DIRECTORY: Directory for generated code coverage
#  - CODE_COVERAGE_OUTPUT_FILE: Filename and path for the .info file generated
# $(PACKAGE_VERSION). In order to add the current git hash to the title,
# Add any folders you want to ignore here
# Capture code coverage data
# Code coverage
# Hook rule executed before code-coverage-capture, overridable by the user
# Ignore tmp and tests themselves
# Optional variables
# Optional:
# The generated report will be titled using the $(PACKAGE_NAME) and
# Use recursive makes in order to ignore errors during check
# sanitizes the test-name: replaces with underscores: dashes and dots
# use the git-version-gen script, available online.
$(if $(CODE_COVERAGE_BRANCH_COVERAGE),\
'
--rc genhtml_branch_coverage=$(CODE_COVERAGE_BRANCH_COVERAGE))
--rc lcov_branch_coverage=$(CODE_COVERAGE_BRANCH_COVERAGE))
.PHONY: check-code-coverage code-coverage-capture code-coverage-capture-hook code-coverage-clean
ACLOCAL='${SHELL} '\''/home/xnox/canonical/zfs/config/missing'\'' aclocal-1.16'
AIO_H_CFLAGS=''
AIO_H_LIBS=' -lrt'
AIO_H_PC=''
ALIEN=''
ALIEN_MAJOR=''
ALIEN_MINOR=''
ALIEN_POINT=''
ALIEN_VERSION=''
AMDEPBACKSLASH='\'
AMDEP_FALSE='#'
AMDEP_TRUE=''
AMTAR='$${TAR-tar}'
AM_BACKSLASH='\'
AM_DEFAULT_V='$(AM_DEFAULT_VERBOSITY)'
AM_DEFAULT_VERBOSITY='0'
AM_DISTCHECK_CONFIGURE_FLAGS += --disable-code-coverage
AM_DISTCHECK_CONFIGURE_FLAGS ?=
AM_V='$(V)'
AR='ar'
ASAN_CFLAGS=''
ASAN_ENABLED='no'
ASAN_ENABLED_FALSE=''
ASAN_ENABLED_TRUE='#'
ASAN_LDFLAGS=''
ASAN_ZFS='_without_asan'
AUTOCONF='${SHELL} '\''/home/xnox/canonical/zfs/config/missing'\'' autoconf'
AUTOHEADER='${SHELL} '\''/home/xnox/canonical/zfs/config/missing'\'' autoheader'
AUTOMAKE='${SHELL} '\''/home/xnox/canonical/zfs/config/missing'\'' automake-1.16'
AWK='gawk'
BUILD_FREEBSD_FALSE=''
BUILD_FREEBSD_TRUE='#'
BUILD_LINUX_FALSE='#'
BUILD_LINUX_TRUE=''
CC='gcc'
CCAS='gcc'
CCASDEPMODE='depmode=gcc3'
CCASFLAGS='-g -O2'
CCDEPMODE='depmode=gcc3'
CFGOPTS=''
CFLAGS='-g -O2'
CHECKBASHISMS='yes'
CODE_COVERAGE_BRANCH_COVERAGE ?=
CODE_COVERAGE_CFLAGS=''
CODE_COVERAGE_CPPFLAGS=''
CODE_COVERAGE_CXXFLAGS=''
CODE_COVERAGE_DIRECTORY ?= $(top_builddir)
CODE_COVERAGE_ENABLED='no'
CODE_COVERAGE_ENABLED_FALSE=''
CODE_COVERAGE_ENABLED_TRUE='#'
CODE_COVERAGE_GENHTML_OPTIONS ?= $(CODE_COVERAGE_GENHTML_OPTIONS_DEFAULT)
CODE_COVERAGE_GENHTML_OPTIONS_DEFAULT ?=\
CODE_COVERAGE_IGNORE_PATTERN += "*/module/zfs/lz4.c"
CODE_COVERAGE_IGNORE_PATTERN += "*/module/zstd/lib/*"
CODE_COVERAGE_IGNORE_PATTERN ?= "/tmp/*" "*/tests/*"
CODE_COVERAGE_LCOV_OPTIONS ?= $(CODE_COVERAGE_LCOV_OPTIONS_DEFAULT)
CODE_COVERAGE_LCOV_OPTIONS_DEFAULT ?= $(CODE_COVERAGE_LCOV_OPTIONS_GCOVPATH)
CODE_COVERAGE_LCOV_OPTIONS_GCOVPATH ?= --gcov-tool "$(GCOV)"
CODE_COVERAGE_LCOV_RMOPTS ?= $(CODE_COVERAGE_LCOV_RMOPTS_DEFAULT)
CODE_COVERAGE_LCOV_RMOPTS_DEFAULT ?=
CODE_COVERAGE_LCOV_SHOPTS ?= $(CODE_COVERAGE_LCOV_SHOPTS_DEFAULT)
CODE_COVERAGE_LCOV_SHOPTS_DEFAULT ?= $(if $(CODE_COVERAGE_BRANCH_COVERAGE),\
CODE_COVERAGE_LDFLAGS=''
CODE_COVERAGE_LIBS=''
CODE_COVERAGE_OUTPUT_DIRECTORY ?= $(PACKAGE_NAME)-$(PACKAGE_VERSION)-coverage
CODE_COVERAGE_OUTPUT_FILE ?= $(PACKAGE_NAME)-$(PACKAGE_VERSION)-coverage.info
CODE_COVERAGE_RULES='
CONFIG_KERNEL_FALSE=''
CONFIG_KERNEL_TRUE=''
CONFIG_QAT_FALSE=''
CONFIG_QAT_TRUE=''
CONFIG_USER_FALSE=''
CONFIG_USER_TRUE=''
CPPCHECK='cppcheck'
CPPFLAGS=''
CPU_COUNT='8'
CSCOPE='cscope'
CTAGS='ctags'
CYGPATH_W='echo'
DEBUGINFO_ZFS=''
DEBUG_CFLAGS=''
DEBUG_CPPFLAGS=''
DEBUG_KMEM_TRACKING_ZFS=''
DEBUG_KMEM_ZFS=''
DEBUG_LDFLAGS=''
DEBUG_ZFS=''
DEFAULT_INIT_NFS_SERVER=''
DEFAULT_INIT_SHELL=''
DEFAULT_PACKAGE=''
DEFINE_PAM='--with pam'
DEFINE_PYTHON_PKG_VERSION=''
DEFINE_PYTHON_VERSION=''
DEFINE_PYZFS=''
DEFINE_SYSTEMD='--with systemd --define "_unitdir $(systemdunitdir)" --define "_presetdir $(systemdpresetdir)" --define "_generatordir $(systemdgeneratordir)"'
DEFS=''
DEPDIR='.deps'
DLLTOOL='false'
DPKG=''
DPKGBUILD=''
DPKGBUILD_VERSION=''
DPKG_VERSION=''
DSYMUTIL=''
DUMPBIN=''
ECHO_C=''
ECHO_N='-n'
ECHO_T=''
EGREP='/usr/bin/grep -E'
ETAGS='etags'
EXEEXT=''
FGREP='/usr/bin/grep -F'
FORMAT_OVERFLOW='-Wformat-overflow'
FRAME_LARGER_THAN='-Wframe-larger-than=4096'
GCOV=''
GENHTML=''
GETTEXT_MACRO_VERSION='0.20'
GITIGNOREFILES += $(CODE_COVERAGE_OUTPUT_FILE) $(CODE_COVERAGE_OUTPUT_DIRECTORY)
GITIGNOREFILES ?=
GMSGFMT='/usr/bin/msgfmt'
GMSGFMT_015='/usr/bin/msgfmt'
GREP='/usr/bin/grep'
HAVE_ALIEN=''
HAVE_CHECKBASHISMS_FALSE='#'
HAVE_CHECKBASHISMS_TRUE=''
HAVE_DPKG=''
HAVE_DPKGBUILD=''
HAVE_PARALLEL_FALSE='#'
HAVE_PARALLEL_TRUE=''
HAVE_RPM=''
HAVE_RPMBUILD=''
HAVE_SHELLCHECK_FALSE='#'
HAVE_SHELLCHECK_TRUE=''
IMPLICIT_FALLTHROUGH='-Wimplicit-fallthrough'
INFINITE_RECURSION=''
INIT_SYSTEMD_FALSE=''
INIT_SYSTEMD_TRUE=''
INIT_SYSV_FALSE=''
INIT_SYSV_TRUE=''
INSTALL_DATA='${INSTALL} -m 644'
INSTALL_PROGRAM='${INSTALL}'
INSTALL_SCRIPT='${INSTALL}'
INSTALL_STRIP_PROGRAM='$(install_sh) -c -s'
INTLLIBS=''
INTL_MACOSX_LIBS=''
KERNEL_CC=''
KERNEL_DEBUG_CFLAGS=''
KERNEL_DEBUG_CPPFLAGS=''
KERNEL_INFINITE_RECURSION=''
KERNEL_LD=''
KERNEL_LLVM=''
KERNEL_MAKE=''
KERNEL_NO_IPA_SRA='-fno-ipa-sra'
LCOV=''
LD='/usr/bin/ld -m elf_x86_64'
LDFLAGS=''
LIBAIO_CFLAGS=''
LIBAIO_LIBS=' -laio'
LIBAIO_PC=''
LIBATOMIC_LIBS=''
LIBBLKID_CFLAGS='-I/usr/include/blkid'
LIBBLKID_LIBS='-lblkid'
LIBBLKID_PC='blkid'
LIBCLOCK_GETTIME=''
LIBCRYPTO_CFLAGS=''
LIBCRYPTO_LIBS='-lcrypto'
LIBCRYPTO_PC='libcrypto'
LIBFETCH_DYNAMIC='1'
LIBFETCH_LIBS='-ldl'
LIBFETCH_SONAME='libcurl.so.4'
LIBICONV='-liconv'
LIBINTL=''
LIBOBJS=''
LIBS=''
LIBTIRPC_CFLAGS='-I/usr/include/tirpc'
LIBTIRPC_LIBS='-ltirpc'
LIBTIRPC_PC='libtirpc'
LIBTOOL='$(SHELL) $(top_builddir)/libtool'
LIBUDEV_CFLAGS=''
LIBUDEV_LIBS='-ludev'
LIBUDEV_PC='libudev'
LIBUUID_CFLAGS='-I/usr/include/uuid'
LIBUUID_LIBS='-luuid'
LIBUUID_PC='uuid'
LINUX='/usr/src/linux-headers-5.19.0-42-generic'
LINUX_OBJ='/usr/src/linux-headers-5.19.0-42-generic'
LINUX_SYMBOLS='Module.symvers'
LINUX_VERSION='5.19.0-42-generic'
LIPO=''
LN_S='ln -s'
LTLIBICONV='-liconv'
LTLIBINTL=''
LTLIBOBJS=''
LT_SYS_LIBRARY_PATH=''
MAINT='#'
MAINTAINER_MODE_FALSE=''
MAINTAINER_MODE_TRUE='#'
MAKEINFO='${SHELL} '\''/home/xnox/canonical/zfs/config/missing'\'' makeinfo'
MANIFEST_TOOL=':'
MKDIR_P='/usr/bin/mkdir -p'
MSGFMT='/usr/bin/msgfmt'
MSGMERGE='/usr/bin/msgmerge'
MSGMERGE_FOR_MSGFMT_OPTION='--for-msgfmt'
MULTIARCH_LIBDIR=''
NM='/usr/bin/nm -B'
NMEDIT=''
NO_CLOBBERED='-Wno-clobbered'
NO_FORMAT_TRUNCATION='-Wno-format-truncation'
NO_FORMAT_ZERO_LENGTH='-Wno-format-zero-length'
NO_IPA_SRA='-fno-ipa-sra'
NO_OMIT_FRAME_POINTER='-fno-omit-frame-pointer'
OBJDUMP='objdump'
OBJEXT='o'
OTOOL64=''
OTOOL=''
PACKAGE='zfs'
PACKAGE_BUGREPORT=''
PACKAGE_NAME='zfs'
PACKAGE_STRING='zfs 2.1.99'
PACKAGE_TARNAME='zfs'
PACKAGE_URL=''
PACKAGE_VERSION='2.1.99'
PAM_ZFS_ENABLED_FALSE=''
PAM_ZFS_ENABLED_TRUE=''
PARALLEL='yes'
PATH_SEPARATOR=':'
PKG_CONFIG='/usr/bin/pkg-config'
PKG_CONFIG_LIBDIR=''
PKG_CONFIG_PATH=''
POSUB='po'
PYTHON='/usr/bin/python3.10'
PYTHON_CPPFLAGS='-I/usr/include/python3.10'
PYTHON_EXEC_PREFIX='${exec_prefix}'
PYTHON_EXTRA_LDFLAGS='-Xlinker -export-dynamic -Wl,-O1 -Wl,-Bsymbolic-functions'
PYTHON_EXTRA_LIBS='-lcrypt -ldl  -lm -lm'
PYTHON_LIBS='-L/usr/lib/x86_64-linux-gnu -lpython3.10'
PYTHON_PLATFORM='linux'
PYTHON_PREFIX='${prefix}'
PYTHON_SHEBANG='python3'
PYTHON_SITE_PKG='/usr/lib/python3/dist-packages'
PYTHON_VERSION='3.10'
PYZFS_ENABLED='yes'
PYZFS_ENABLED_FALSE='#'
PYZFS_ENABLED_TRUE=''
QAT_OBJ=''
QAT_SRC=''
QAT_SYMBOLS=''
RANLIB='ranlib'
RELEASE='0ubuntu1'
RM='rm -f'
RPM=''
RPMBUILD=''
RPMBUILD_VERSION=''
RPM_DEFINE_COMMON=''
RPM_DEFINE_DKMS=''
RPM_DEFINE_INITRAMFS=''
RPM_DEFINE_KMOD=''
RPM_DEFINE_UTIL=''
RPM_SPEC_DIR=''
RPM_VERSION=''
SED='/usr/bin/sed'
SET_MAKE=''
SHELL='/bin/bash'
SHELLCHECK='yes'
SRPM_DEFINE_COMMON=''
SRPM_DEFINE_DKMS=''
SRPM_DEFINE_KMOD=''
SRPM_DEFINE_UTIL=''
STRIP='strip'
TARGET_CPU_AARCH64_FALSE=''
TARGET_CPU_AARCH64_TRUE='#'
TARGET_CPU_ARM_FALSE=''
TARGET_CPU_ARM_TRUE='#'
TARGET_CPU_POWERPC_FALSE=''
TARGET_CPU_POWERPC_TRUE='#'
TARGET_CPU_SPARC64_FALSE=''
TARGET_CPU_SPARC64_TRUE='#'
TARGET_CPU_X86_64_FALSE='#'
TARGET_CPU_X86_64_TRUE=''
TEST_JOBS='8'
UBSAN_CFLAGS=''
UBSAN_ENABLED='no'
UBSAN_ENABLED_FALSE=''
UBSAN_ENABLED_TRUE='#'
UBSAN_LDFLAGS=''
UBSAN_ZFS='_without_ubsan'
USE_NLS='yes'
USING_PYTHON_FALSE='#'
USING_PYTHON_TRUE=''
VENDOR=''
VERSION='2.1.99'
WANT_DEVNAME2DEVID_FALSE=''
WANT_DEVNAME2DEVID_TRUE=''
WANT_MMAP_LIBAIO_FALSE=''
WANT_MMAP_LIBAIO_TRUE=''
WANT_MODULES_LOAD_D_FALSE=''
WANT_MODULES_LOAD_D_TRUE=''
WITH_DEBUG=''
WITH_INVARIANTS=''
XGETTEXT='/usr/bin/xgettext'
XGETTEXT_015='/usr/bin/xgettext'
XGETTEXT_EXTRA_OPTIONS=''
ZFS_CONFIG='all'
ZFS_META_ALIAS='zfs-2.1.99-0ubuntu1'
ZFS_META_AUTHOR='OpenZFS'
ZFS_META_DATA=''
ZFS_META_KVER_MAX='6.2'
ZFS_META_KVER_MIN='3.10'
ZFS_META_LICENSE='CDDL'
ZFS_META_LT_AGE=''
ZFS_META_LT_CURRENT=''
ZFS_META_LT_REVISION=''
ZFS_META_NAME='zfs'
ZFS_META_RELEASE='0ubuntu1'
ZFS_META_VERSION='2.1.99'
ZLIB_CFLAGS=''
ZLIB_LIBS='-lz'
ZLIB_PC='zlib'
ac_ct_AR='ar'
ac_ct_CC='gcc'
ac_ct_DUMPBIN=''
ac_inplace='--in-place'
ac_system='Linux'
ac_system_l='linux'
am__EXEEXT_FALSE=''
am__EXEEXT_TRUE=''
am__fastdepCCAS_FALSE='#'
am__fastdepCCAS_TRUE=''
am__fastdepCC_FALSE='#'
am__fastdepCC_TRUE=''
am__include='include'
am__isrc=''
am__leading_dot='.'
am__nodep='_no'
am__quote=''
am__tar='tar --format=posix -chf - "$$tardir"'
am__untar='tar -xf -'
bindir='${exec_prefix}/bin'
build='/lib/modules/5.19.0-42-generic/build'
build_alias=''
build_cpu='x86_64'
build_os='linux-gnu'
build_vendor='pc'
check-code-coverage:
code-coverage-capture-hook:
code-coverage-capture: code-coverage-capture-hook
code_coverage_quiet = $(code_coverage_quiet_$(V))
code_coverage_quiet_ = $(code_coverage_quiet_$(AM_DEFAULT_VERBOSITY))
code_coverage_quiet_0 = --quiet
code_coverage_sanitize = $(subst -,_,$(subst .,_,$(1)))
code_coverage_v_genhtml = $(code_coverage_v_genhtml_$(V))
code_coverage_v_genhtml_ = $(code_coverage_v_genhtml_$(AM_DEFAULT_VERBOSITY))
code_coverage_v_genhtml_0 = @echo "  GEN   " $(CODE_COVERAGE_OUTPUT_DIRECTORY);
code_coverage_v_lcov_cap = $(code_coverage_v_lcov_cap_$(V))
code_coverage_v_lcov_cap_ = $(code_coverage_v_lcov_cap_$(AM_DEFAULT_VERBOSITY))
code_coverage_v_lcov_cap_0 = @echo "  LCOV   --capture"\
code_coverage_v_lcov_ign = $(code_coverage_v_lcov_ign_$(V))
code_coverage_v_lcov_ign_ = $(code_coverage_v_lcov_ign_$(AM_DEFAULT_VERBOSITY))
code_coverage_v_lcov_ign_0 = @echo "  LCOV   --remove /tmp/*"\
datadir='${datarootdir}'
datarootdir='${prefix}/share'
docdir='${datarootdir}/doc/${PACKAGE_TARNAME}'
dracutdir='/usr/lib/dracut'
dvidir='${docdir}'
exec_prefix='NONE'
host='x86_64-pc-linux-gnu'
host_alias=''
host_cpu='x86_64'
host_os='linux-gnu'
host_vendor='pc'
htmldir='${docdir}'
includedir='${prefix}/include'
infodir='${datarootdir}/info'
initconfdir=''
initdir=''
install_sh='${SHELL} /home/xnox/canonical/zfs/config/install-sh'
libdir='${exec_prefix}/lib'
libexecdir='${exec_prefix}/libexec'
localedir='${datarootdir}/locale'
localstatedir='${prefix}/var'
mandir='${datarootdir}/man'
mkdir_p='$(MKDIR_P)'
modulesloaddir='/usr/lib/modules-load.d'
mounthelperdir='/sbin'
oldincludedir='/usr/include'
pamconfigsdir='${datadir}/pam-configs'
pammoduledir='${exec_prefix}/lib/security'
pdfdir='${docdir}'
pkgconfigdir='${libdir}/pkgconfig'
pkgpyexecdir='${pyexecdir}/zfs'
pkgpythondir='${pythondir}/zfs'
prefix='NONE'
program_transform_name='s,x,x,'
psdir='${docdir}'
pyexecdir='${PYTHON_EXEC_PREFIX}/lib/python3.10/site-packages'
pythondir='${PYTHON_PREFIX}/lib/python3.10/site-packages'
pythonsitedir='/usr/lib/python3/dist-packages'
runstatedir='${localstatedir}/run'
sbindir='${exec_prefix}/sbin'
sharedstatedir='${prefix}/com'
sysconfdir='${prefix}/etc'
systemdgeneratordir='/usr/lib/systemd/system-generators'
systemdpresetdir='/usr/lib/systemd/system-preset'
systemdunitdir='/usr/lib/systemd/system'
target='x86_64-pc-linux-gnu'
target_alias=''
target_cpu='x86_64'
target_os='linux-gnu'
target_vendor='pc'
udevdir='/lib/udev'
udevruledir='/lib/udev/rules.d'
zfsexecdir='${exec_prefix}/libexec/zfs'

## ----------- ##
## confdefs.h. ##
## ----------- ##

/* confdefs.h */
#define PACKAGE_NAME "zfs"
#define PACKAGE_TARNAME "zfs"
#define PACKAGE_VERSION "2.1.99"
#define PACKAGE_STRING "zfs 2.1.99"
#define PACKAGE_BUGREPORT ""
#define PACKAGE_URL ""
#define ZFS_META_NAME "zfs"
#define ZFS_META_VERSION "2.1.99"
#define SPL_META_VERSION ZFS_META_VERSION
#define ZFS_META_RELEASE "0ubuntu1"
#define SPL_META_RELEASE ZFS_META_RELEASE
#define ZFS_META_LICENSE "CDDL"
#define ZFS_META_ALIAS "zfs-2.1.99-0ubuntu1"
#define SPL_META_ALIAS ZFS_META_ALIAS
#define ZFS_META_AUTHOR "OpenZFS"
#define ZFS_META_KVER_MIN "3.10"
#define ZFS_META_KVER_MAX "6.2"
#define PACKAGE "zfs"
#define VERSION "2.1.99"
#define HAVE_STDIO_H 1
#define HAVE_STDLIB_H 1
#define HAVE_STRING_H 1
#define HAVE_INTTYPES_H 1
#define HAVE_STDINT_H 1
#define HAVE_STRINGS_H 1
#define HAVE_SYS_STAT_H 1
#define HAVE_SYS_TYPES_H 1
#define HAVE_UNISTD_H 1
#define STDC_HEADERS 1
#define HAVE_DLFCN_H 1
#define LT_OBJDIR ".libs/"
#define HAVE_IMPLICIT_FALLTHROUGH 1
#define HAVE_FORMAT_OVERFLOW 1
#define HAVE_SSE 1
#define HAVE_SSE2 1
#define HAVE_SSE3 1
#define HAVE_SSSE3 1
#define HAVE_SSE4_1 1
#define HAVE_SSE4_2 1
#define HAVE_AVX 1
#define HAVE_AVX2 1
#define HAVE_AVX512F 1
#define HAVE_AVX512CD 1
#define HAVE_AVX512DQ 1
#define HAVE_AVX512BW 1
#define HAVE_AVX512IFMA 1
#define HAVE_AVX512VBMI 1
#define HAVE_AVX512PF 1
#define HAVE_AVX512ER 1
#define HAVE_AVX512VL 1
#define HAVE_AES 1
#define HAVE_PCLMULQDQ 1
#define HAVE_MOVBE 1
#define HAVE_XSAVE 1
#define HAVE_XSAVEOPT 1
#define HAVE_XSAVES 1
#define SYSTEM_LINUX 1
#define HAVE_PYTHON "3.10"
#define ENABLE_NLS 1
#define HAVE_GETTEXT 1
#define HAVE_DCGETTEXT 1
#define HAVE_ZLIB 1
#define HAVE_LIBUDEV 1
#define HAVE_UDEV_DEVICE_GET_IS_INITIALIZED 1
#define HAVE_LIBUUID 1
#define HAVE_LIBBLKID 1
#define HAVE_LIBTIRPC 1
#define HAVE_LIBCRYPTO 1
#define HAVE_LIBAIO 1
#define LIBFETCH_IS_FETCH 0
#define LIBFETCH_IS_LIBCURL 1
#define LIBFETCH_DYNAMIC 1
#define LIBFETCH_SONAME "libcurl.so.4"
#define HAVE_AIO_H 1
#define HAVE_SECURITY_PAM_MODULES_H 1
#define HAVE_MAKEDEV_IN_SYSMACROS 1
#define HAVE_MLOCKALL 1
#define HAVE_KERNEL_FPU_API_HEADER 1
#define HAVE_KERNEL_OBJTOOL_HEADER 1
#define HAVE_WAIT_QUEUE_ENTRY_T 1
#define ZFS_DEVICE_MINOR 249

configure: caught signal 2
configure: exit 1
